{"/Users/luisferlcc/WebDev/ULSB/React/libroclaro/api/src/config/env.ts": {"path":"/Users/luisferlcc/WebDev/ULSB/React/libroclaro/api/src/config/env.ts","statementMap":{"0":{"start":{"line":2,"column":0},"end":{"line":2,"column":62}},"1":{"start":{"line":3,"column":0},"end":{"line":3,"column":21}},"2":{"start":{"line":4,"column":0},"end":{"line":4,"column":25}},"3":{"start":{"line":5,"column":14},"end":{"line":5,"column":28}},"4":{"start":{"line":6,"column":15},"end":{"line":16,"column":2}},"5":{"start":{"line":17,"column":15},"end":{"line":17,"column":44}},"6":{"start":{"line":18,"column":0},"end":{"line":21,"column":1}},"7":{"start":{"line":19,"column":4},"end":{"line":19,"column":89}},"8":{"start":{"line":20,"column":4},"end":{"line":20,"column":20}},"9":{"start":{"line":22,"column":0},"end":{"line":22,"column":26}}},"fnMap":{},"branchMap":{"0":{"loc":{"start":{"line":18,"column":0},"end":{"line":21,"column":1}},"type":"if","locations":[{"start":{"line":18,"column":0},"end":{"line":21,"column":1}},{"start":{},"end":{}}],"line":18}},"s":{"0":14,"1":14,"2":14,"3":14,"4":14,"5":14,"6":14,"7":0,"8":0,"9":14},"f":{},"b":{"0":[0,14]},"_coverageSchema":"1a1c01bbd47fc00a2c39e90264f33305004495a9","hash":"d4edca395a4a98a498d6c3c241d45372ecede10d"}
,"/Users/luisferlcc/WebDev/ULSB/React/libroclaro/api/src/config/logger.ts": {"path":"/Users/luisferlcc/WebDev/ULSB/React/libroclaro/api/src/config/logger.ts","statementMap":{"0":{"start":{"line":2,"column":22},"end":{"line":4,"column":1}},"1":{"start":{"line":3,"column":4},"end":{"line":3,"column":62}},"2":{"start":{"line":5,"column":0},"end":{"line":5,"column":62}},"3":{"start":{"line":6,"column":0},"end":{"line":6,"column":24}},"4":{"start":{"line":7,"column":18},"end":{"line":7,"column":53}},"5":{"start":{"line":8,"column":25},"end":{"line":8,"column":66}},"6":{"start":{"line":9,"column":0},"end":{"line":31,"column":1}},"7":{"start":{"line":11,"column":24},"end":{"line":11,"column":54}},"8":{"start":{"line":12,"column":4},"end":{"line":16,"column":17}},"9":{"start":{"line":17,"column":21},"end":{"line":17,"column":46}},"10":{"start":{"line":18,"column":21},"end":{"line":26,"column":6}},"11":{"start":{"line":19,"column":28},"end":{"line":19,"column":68}},"12":{"start":{"line":20,"column":8},"end":{"line":24,"column":11}},"13":{"start":{"line":25,"column":8},"end":{"line":25,"column":20}},"14":{"start":{"line":27,"column":4},"end":{"line":30,"column":7}},"15":{"start":{"line":32,"column":0},"end":{"line":45,"column":3}},"16":{"start":{"line":38,"column":33},"end":{"line":38,"column":50}},"17":{"start":{"line":39,"column":32},"end":{"line":39,"column":85}},"18":{"start":{"line":40,"column":29},"end":{"line":40,"column":76}},"19":{"start":{"line":41,"column":16},"end":{"line":41,"column":58}}},"fnMap":{"0":{"name":"(anonymous_0)","decl":{"start":{"line":2,"column":56},"end":{"line":2,"column":57}},"loc":{"start":{"line":2,"column":71},"end":{"line":4,"column":1}},"line":2},"1":{"name":"(anonymous_1)","decl":{"start":{"line":18,"column":46},"end":{"line":18,"column":47}},"loc":{"start":{"line":18,"column":56},"end":{"line":26,"column":5}},"line":18},"2":{"name":"(anonymous_2)","decl":{"start":{"line":37,"column":122},"end":{"line":37,"column":123}},"loc":{"start":{"line":37,"column":173},"end":{"line":42,"column":13}},"line":37}},"branchMap":{"0":{"loc":{"start":{"line":2,"column":22},"end":{"line":4,"column":1}},"type":"binary-expr","locations":[{"start":{"line":2,"column":23},"end":{"line":2,"column":27}},{"start":{"line":2,"column":31},"end":{"line":2,"column":51}},{"start":{"line":2,"column":56},"end":{"line":4,"column":1}}],"line":2},"1":{"loc":{"start":{"line":3,"column":11},"end":{"line":3,"column":61}},"type":"cond-expr","locations":[{"start":{"line":3,"column":37},"end":{"line":3,"column":40}},{"start":{"line":3,"column":43},"end":{"line":3,"column":61}}],"line":3},"2":{"loc":{"start":{"line":3,"column":12},"end":{"line":3,"column":33}},"type":"binary-expr","locations":[{"start":{"line":3,"column":12},"end":{"line":3,"column":15}},{"start":{"line":3,"column":19},"end":{"line":3,"column":33}}],"line":3},"3":{"loc":{"start":{"line":9,"column":0},"end":{"line":31,"column":1}},"type":"if","locations":[{"start":{"line":9,"column":0},"end":{"line":31,"column":1}},{"start":{},"end":{}}],"line":9},"4":{"loc":{"start":{"line":22,"column":22},"end":{"line":22,"column":50}},"type":"binary-expr","locations":[{"start":{"line":22,"column":22},"end":{"line":22,"column":45}},{"start":{"line":22,"column":49},"end":{"line":22,"column":50}}],"line":22},"5":{"loc":{"start":{"line":23,"column":44},"end":{"line":23,"column":64}},"type":"binary-expr","locations":[{"start":{"line":23,"column":44},"end":{"line":23,"column":58}},{"start":{"line":23,"column":62},"end":{"line":23,"column":64}}],"line":23},"6":{"loc":{"start":{"line":33,"column":11},"end":{"line":33,"column":67}},"type":"cond-expr","locations":[{"start":{"line":33,"column":51},"end":{"line":33,"column":57}},{"start":{"line":33,"column":60},"end":{"line":33,"column":67}}],"line":33},"7":{"loc":{"start":{"line":39,"column":32},"end":{"line":39,"column":85}},"type":"cond-expr","locations":[{"start":{"line":39,"column":54},"end":{"line":39,"column":80}},{"start":{"line":39,"column":83},"end":{"line":39,"column":85}}],"line":39},"8":{"loc":{"start":{"line":41,"column":23},"end":{"line":41,"column":57}},"type":"cond-expr","locations":[{"start":{"line":41,"column":31},"end":{"line":41,"column":50}},{"start":{"line":41,"column":53},"end":{"line":41,"column":57}}],"line":41}},"s":{"0":11,"1":11,"2":11,"3":11,"4":11,"5":11,"6":11,"7":0,"8":0,"9":0,"10":0,"11":0,"12":0,"13":0,"14":0,"15":11,"16":42,"17":42,"18":42,"19":42},"f":{"0":11,"1":0,"2":42},"b":{"0":[11,11,11],"1":[0,11],"2":[11,11],"3":[0,11],"4":[0,0],"5":[0,0],"6":[0,11],"7":[29,13],"8":[0,42]},"_coverageSchema":"1a1c01bbd47fc00a2c39e90264f33305004495a9","hash":"58b972419fbd9e9b22cd7b588332e8c605592d7f"}
,"/Users/luisferlcc/WebDev/ULSB/React/libroclaro/api/src/config/mongo.ts": {"path":"/Users/luisferlcc/WebDev/ULSB/React/libroclaro/api/src/config/mongo.ts","statementMap":{"0":{"start":{"line":2,"column":22},"end":{"line":4,"column":1}},"1":{"start":{"line":3,"column":4},"end":{"line":3,"column":62}},"2":{"start":{"line":5,"column":0},"end":{"line":5,"column":62}},"3":{"start":{"line":6,"column":0},"end":{"line":6,"column":26}},"4":{"start":{"line":7,"column":0},"end":{"line":7,"column":36}},"5":{"start":{"line":8,"column":19},"end":{"line":8,"column":55}},"6":{"start":{"line":9,"column":0},"end":{"line":9,"column":38}},"7":{"start":{"line":10,"column":14},"end":{"line":10,"column":30}},"8":{"start":{"line":11,"column":17},"end":{"line":11,"column":36}},"9":{"start":{"line":13,"column":4},"end":{"line":13,"column":48}},"10":{"start":{"line":14,"column":4},"end":{"line":23,"column":5}},"11":{"start":{"line":15,"column":8},"end":{"line":15,"column":62}},"12":{"start":{"line":17,"column":8},"end":{"line":17,"column":64}},"13":{"start":{"line":21,"column":8},"end":{"line":21,"column":85}},"14":{"start":{"line":22,"column":8},"end":{"line":22,"column":18}}},"fnMap":{"0":{"name":"(anonymous_0)","decl":{"start":{"line":2,"column":56},"end":{"line":2,"column":57}},"loc":{"start":{"line":2,"column":71},"end":{"line":4,"column":1}},"line":2},"1":{"name":"connectMongo","decl":{"start":{"line":12,"column":15},"end":{"line":12,"column":27}},"loc":{"start":{"line":12,"column":30},"end":{"line":24,"column":1}},"line":12}},"branchMap":{"0":{"loc":{"start":{"line":2,"column":22},"end":{"line":4,"column":1}},"type":"binary-expr","locations":[{"start":{"line":2,"column":23},"end":{"line":2,"column":27}},{"start":{"line":2,"column":31},"end":{"line":2,"column":51}},{"start":{"line":2,"column":56},"end":{"line":4,"column":1}}],"line":2},"1":{"loc":{"start":{"line":3,"column":11},"end":{"line":3,"column":61}},"type":"cond-expr","locations":[{"start":{"line":3,"column":37},"end":{"line":3,"column":40}},{"start":{"line":3,"column":43},"end":{"line":3,"column":61}}],"line":3},"2":{"loc":{"start":{"line":3,"column":12},"end":{"line":3,"column":33}},"type":"binary-expr","locations":[{"start":{"line":3,"column":12},"end":{"line":3,"column":15}},{"start":{"line":3,"column":19},"end":{"line":3,"column":33}}],"line":3}},"s":{"0":11,"1":11,"2":11,"3":11,"4":11,"5":11,"6":11,"7":11,"8":11,"9":11,"10":11,"11":11,"12":11,"13":0,"14":0},"f":{"0":11,"1":11},"b":{"0":[11,11,11],"1":[0,11],"2":[11,11]},"_coverageSchema":"1a1c01bbd47fc00a2c39e90264f33305004495a9","hash":"1d44fdd362f7381bf7d48232cf2504d60c24c42e"}
,"/Users/luisferlcc/WebDev/ULSB/React/libroclaro/api/src/config/prisma.ts": {"path":"/Users/luisferlcc/WebDev/ULSB/React/libroclaro/api/src/config/prisma.ts","statementMap":{"0":{"start":{"line":2,"column":0},"end":{"line":2,"column":62}},"1":{"start":{"line":3,"column":0},"end":{"line":3,"column":24}},"2":{"start":{"line":4,"column":17},"end":{"line":4,"column":42}},"3":{"start":{"line":5,"column":0},"end":{"line":7,"column":3}}},"fnMap":{},"branchMap":{"0":{"loc":{"start":{"line":6,"column":9},"end":{"line":6,"column":79}},"type":"cond-expr","locations":[{"start":{"line":6,"column":50},"end":{"line":6,"column":67}},{"start":{"line":6,"column":70},"end":{"line":6,"column":79}}],"line":6}},"s":{"0":11,"1":11,"2":11,"3":11},"f":{},"b":{"0":[0,11]},"_coverageSchema":"1a1c01bbd47fc00a2c39e90264f33305004495a9","hash":"1740f2fe36e9a4f9b8d9f035995a1749164ea42f"}
,"/Users/luisferlcc/WebDev/ULSB/React/libroclaro/api/src/controllers/annotations.controller.ts": {"path":"/Users/luisferlcc/WebDev/ULSB/React/libroclaro/api/src/controllers/annotations.controller.ts","statementMap":{"0":{"start":{"line":2,"column":0},"end":{"line":2,"column":62}},"1":{"start":{"line":3,"column":0},"end":{"line":3,"column":34}},"2":{"start":{"line":4,"column":0},"end":{"line":4,"column":44}},"3":{"start":{"line":5,"column":0},"end":{"line":5,"column":44}},"4":{"start":{"line":6,"column":0},"end":{"line":6,"column":44}},"5":{"start":{"line":7,"column":0},"end":{"line":7,"column":44}},"6":{"start":{"line":8,"column":14},"end":{"line":8,"column":28}},"7":{"start":{"line":9,"column":17},"end":{"line":9,"column":42}},"8":{"start":{"line":10,"column":17},"end":{"line":10,"column":44}},"9":{"start":{"line":11,"column":20},"end":{"line":11,"column":49}},"10":{"start":{"line":12,"column":22},"end":{"line":12,"column":53}},"11":{"start":{"line":13,"column":26},"end":{"line":13,"column":64}},"12":{"start":{"line":14,"column":24},"end":{"line":14,"column":60}},"13":{"start":{"line":15,"column":17},"end":{"line":15,"column":44}},"14":{"start":{"line":16,"column":21},"end":{"line":24,"column":2}},"15":{"start":{"line":25,"column":21},"end":{"line":25,"column":43}},"16":{"start":{"line":27,"column":4},"end":{"line":28,"column":51}},"17":{"start":{"line":28,"column":8},"end":{"line":28,"column":51}},"18":{"start":{"line":29,"column":23},"end":{"line":29,"column":33}},"19":{"start":{"line":30,"column":17},"end":{"line":30,"column":68}},"20":{"start":{"line":31,"column":17},"end":{"line":31,"column":81}},"21":{"start":{"line":32,"column":4},"end":{"line":34,"column":5}},"22":{"start":{"line":33,"column":8},"end":{"line":33,"column":68}},"23":{"start":{"line":35,"column":24},"end":{"line":38,"column":6}},"24":{"start":{"line":40,"column":27},"end":{"line":40,"column":69}},"25":{"start":{"line":41,"column":20},"end":{"line":43,"column":97}},"26":{"start":{"line":41,"column":43},"end":{"line":43,"column":96}},"27":{"start":{"line":44,"column":18},"end":{"line":44,"column":91}},"28":{"start":{"line":45,"column":4},"end":{"line":45,"column":46}},"29":{"start":{"line":48,"column":4},"end":{"line":49,"column":51}},"30":{"start":{"line":49,"column":8},"end":{"line":49,"column":51}},"31":{"start":{"line":50,"column":23},"end":{"line":50,"column":100}},"32":{"start":{"line":51,"column":4},"end":{"line":52,"column":72}},"33":{"start":{"line":52,"column":8},"end":{"line":52,"column":72}},"34":{"start":{"line":54,"column":4},"end":{"line":56,"column":5}},"35":{"start":{"line":55,"column":8},"end":{"line":55,"column":100}},"36":{"start":{"line":57,"column":18},"end":{"line":57,"column":91}},"37":{"start":{"line":58,"column":4},"end":{"line":58,"column":88}},"38":{"start":{"line":61,"column":4},"end":{"line":62,"column":51}},"39":{"start":{"line":62,"column":8},"end":{"line":62,"column":51}},"40":{"start":{"line":63,"column":17},"end":{"line":63,"column":45}},"41":{"start":{"line":64,"column":17},"end":{"line":64,"column":92}},"42":{"start":{"line":65,"column":4},"end":{"line":66,"column":68}},"43":{"start":{"line":66,"column":8},"end":{"line":66,"column":68}},"44":{"start":{"line":67,"column":23},"end":{"line":69,"column":6}},"45":{"start":{"line":70,"column":4},"end":{"line":70,"column":95}},"46":{"start":{"line":72,"column":4},"end":{"line":72,"column":130}},"47":{"start":{"line":73,"column":4},"end":{"line":73,"column":93}},"48":{"start":{"line":76,"column":17},"end":{"line":76,"column":45}},"49":{"start":{"line":77,"column":23},"end":{"line":80,"column":6}},"50":{"start":{"line":81,"column":4},"end":{"line":81,"column":105}},"51":{"start":{"line":82,"column":4},"end":{"line":82,"column":81}},"52":{"start":{"line":85,"column":23},"end":{"line":85,"column":100}},"53":{"start":{"line":86,"column":4},"end":{"line":87,"column":72}},"54":{"start":{"line":87,"column":8},"end":{"line":87,"column":72}},"55":{"start":{"line":88,"column":4},"end":{"line":88,"column":78}},"56":{"start":{"line":89,"column":4},"end":{"line":89,"column":105}},"57":{"start":{"line":91,"column":4},"end":{"line":91,"column":109}},"58":{"start":{"line":92,"column":4},"end":{"line":92,"column":26}}},"fnMap":{"0":{"name":"listForBook","decl":{"start":{"line":26,"column":15},"end":{"line":26,"column":26}},"loc":{"start":{"line":26,"column":37},"end":{"line":46,"column":1}},"line":26},"1":{"name":"(anonymous_1)","decl":{"start":{"line":41,"column":36},"end":{"line":41,"column":37}},"loc":{"start":{"line":41,"column":43},"end":{"line":43,"column":96}},"line":41},"2":{"name":"revealAnnotation","decl":{"start":{"line":47,"column":15},"end":{"line":47,"column":31}},"loc":{"start":{"line":47,"column":42},"end":{"line":59,"column":1}},"line":47},"3":{"name":"createAnnotation","decl":{"start":{"line":60,"column":15},"end":{"line":60,"column":31}},"loc":{"start":{"line":60,"column":42},"end":{"line":74,"column":1}},"line":60},"4":{"name":"updateAnnotation","decl":{"start":{"line":75,"column":15},"end":{"line":75,"column":31}},"loc":{"start":{"line":75,"column":42},"end":{"line":83,"column":1}},"line":75},"5":{"name":"deleteAnnotation","decl":{"start":{"line":84,"column":15},"end":{"line":84,"column":31}},"loc":{"start":{"line":84,"column":42},"end":{"line":93,"column":1}},"line":84}},"branchMap":{"0":{"loc":{"start":{"line":27,"column":4},"end":{"line":28,"column":51}},"type":"if","locations":[{"start":{"line":27,"column":4},"end":{"line":28,"column":51}},{"start":{},"end":{}}],"line":27},"1":{"loc":{"start":{"line":30,"column":17},"end":{"line":30,"column":68}},"type":"cond-expr","locations":[{"start":{"line":30,"column":34},"end":{"line":30,"column":56}},{"start":{"line":30,"column":59},"end":{"line":30,"column":68}}],"line":30},"2":{"loc":{"start":{"line":32,"column":4},"end":{"line":34,"column":5}},"type":"if","locations":[{"start":{"line":32,"column":4},"end":{"line":34,"column":5}},{"start":{},"end":{}}],"line":32},"3":{"loc":{"start":{"line":32,"column":8},"end":{"line":32,"column":76}},"type":"binary-expr","locations":[{"start":{"line":32,"column":8},"end":{"line":32,"column":13}},{"start":{"line":32,"column":18},"end":{"line":32,"column":29}},{"start":{"line":32,"column":33},"end":{"line":32,"column":75}}],"line":32},"4":{"loc":{"start":{"line":36,"column":29},"end":{"line":36,"column":49}},"type":"cond-expr","locations":[{"start":{"line":36,"column":36},"end":{"line":36,"column":44}},{"start":{"line":36,"column":47},"end":{"line":36,"column":49}}],"line":36},"5":{"loc":{"start":{"line":41,"column":43},"end":{"line":43,"column":96}},"type":"cond-expr","locations":[{"start":{"line":42,"column":10},"end":{"line":42,"column":51}},{"start":{"line":43,"column":10},"end":{"line":43,"column":96}}],"line":41},"6":{"loc":{"start":{"line":48,"column":4},"end":{"line":49,"column":51}},"type":"if","locations":[{"start":{"line":48,"column":4},"end":{"line":49,"column":51}},{"start":{},"end":{}}],"line":48},"7":{"loc":{"start":{"line":51,"column":4},"end":{"line":52,"column":72}},"type":"if","locations":[{"start":{"line":51,"column":4},"end":{"line":52,"column":72}},{"start":{},"end":{}}],"line":51},"8":{"loc":{"start":{"line":54,"column":4},"end":{"line":56,"column":5}},"type":"if","locations":[{"start":{"line":54,"column":4},"end":{"line":56,"column":5}},{"start":{},"end":{}}],"line":54},"9":{"loc":{"start":{"line":61,"column":4},"end":{"line":62,"column":51}},"type":"if","locations":[{"start":{"line":61,"column":4},"end":{"line":62,"column":51}},{"start":{},"end":{}}],"line":61},"10":{"loc":{"start":{"line":65,"column":4},"end":{"line":66,"column":68}},"type":"if","locations":[{"start":{"line":65,"column":4},"end":{"line":66,"column":68}},{"start":{},"end":{}}],"line":65},"11":{"loc":{"start":{"line":86,"column":4},"end":{"line":87,"column":72}},"type":"if","locations":[{"start":{"line":86,"column":4},"end":{"line":87,"column":72}},{"start":{},"end":{}}],"line":86}},"s":{"0":10,"1":10,"2":10,"3":10,"4":10,"5":10,"6":10,"7":10,"8":10,"9":10,"10":10,"11":10,"12":10,"13":10,"14":10,"15":10,"16":1,"17":0,"18":1,"19":1,"20":1,"21":1,"22":0,"23":1,"24":1,"25":1,"26":1,"27":1,"28":1,"29":24,"30":0,"31":24,"32":24,"33":1,"34":23,"35":22,"36":22,"37":22,"38":2,"39":0,"40":2,"41":1,"42":1,"43":0,"44":1,"45":1,"46":1,"47":1,"48":1,"49":1,"50":1,"51":1,"52":1,"53":1,"54":0,"55":1,"56":1,"57":1,"58":1},"f":{"0":1,"1":1,"2":24,"3":2,"4":1,"5":1},"b":{"0":[0,1],"1":[0,1],"2":[0,1],"3":[1,1,0],"4":[0,1],"5":[0,1],"6":[0,24],"7":[1,23],"8":[22,1],"9":[0,2],"10":[0,1],"11":[0,1]},"_coverageSchema":"1a1c01bbd47fc00a2c39e90264f33305004495a9","hash":"b69106722a9be79346d04680e181a7e9d523ad37"}
,"/Users/luisferlcc/WebDev/ULSB/React/libroclaro/api/src/controllers/auth.controller.ts": {"path":"/Users/luisferlcc/WebDev/ULSB/React/libroclaro/api/src/controllers/auth.controller.ts","statementMap":{"0":{"start":{"line":2,"column":0},"end":{"line":2,"column":62}},"1":{"start":{"line":3,"column":0},"end":{"line":3,"column":28}},"2":{"start":{"line":4,"column":0},"end":{"line":4,"column":22}},"3":{"start":{"line":5,"column":0},"end":{"line":5,"column":16}},"4":{"start":{"line":6,"column":14},"end":{"line":6,"column":28}},"5":{"start":{"line":7,"column":17},"end":{"line":7,"column":44}},"6":{"start":{"line":8,"column":20},"end":{"line":8,"column":49}},"7":{"start":{"line":9,"column":23},"end":{"line":9,"column":58}},"8":{"start":{"line":10,"column":22},"end":{"line":10,"column":53}},"9":{"start":{"line":11,"column":17},"end":{"line":11,"column":44}},"10":{"start":{"line":12,"column":23},"end":{"line":21,"column":2}},"11":{"start":{"line":15,"column":46},"end":{"line":15,"column":67}},"12":{"start":{"line":18,"column":17},"end":{"line":18,"column":54}},"13":{"start":{"line":22,"column":20},"end":{"line":25,"column":2}},"14":{"start":{"line":27,"column":17},"end":{"line":27,"column":47}},"15":{"start":{"line":28,"column":22},"end":{"line":28,"column":46}},"16":{"start":{"line":29,"column":4},"end":{"line":33,"column":5}},"17":{"start":{"line":31,"column":8},"end":{"line":31,"column":78}},"18":{"start":{"line":32,"column":8},"end":{"line":32,"column":96}},"19":{"start":{"line":34,"column":21},"end":{"line":34,"column":92}},"20":{"start":{"line":35,"column":4},"end":{"line":36,"column":84}},"21":{"start":{"line":36,"column":8},"end":{"line":36,"column":84}},"22":{"start":{"line":37,"column":17},"end":{"line":44,"column":6}},"23":{"start":{"line":45,"column":18},"end":{"line":45,"column":53}},"24":{"start":{"line":47,"column":4},"end":{"line":47,"column":91}},"25":{"start":{"line":48,"column":4},"end":{"line":48,"column":82}},"26":{"start":{"line":51,"column":17},"end":{"line":51,"column":44}},"27":{"start":{"line":52,"column":17},"end":{"line":52,"column":88}},"28":{"start":{"line":53,"column":4},"end":{"line":57,"column":5}},"29":{"start":{"line":55,"column":8},"end":{"line":55,"column":81}},"30":{"start":{"line":56,"column":8},"end":{"line":56,"column":75}},"31":{"start":{"line":58,"column":15},"end":{"line":58,"column":90}},"32":{"start":{"line":59,"column":4},"end":{"line":62,"column":5}},"33":{"start":{"line":60,"column":8},"end":{"line":60,"column":81}},"34":{"start":{"line":61,"column":8},"end":{"line":61,"column":75}},"35":{"start":{"line":63,"column":18},"end":{"line":63,"column":53}},"36":{"start":{"line":65,"column":4},"end":{"line":65,"column":91}},"37":{"start":{"line":66,"column":4},"end":{"line":66,"column":70}},"38":{"start":{"line":69,"column":4},"end":{"line":70,"column":51}},"39":{"start":{"line":70,"column":8},"end":{"line":70,"column":51}},"40":{"start":{"line":71,"column":17},"end":{"line":71,"column":86}},"41":{"start":{"line":72,"column":4},"end":{"line":73,"column":70}},"42":{"start":{"line":73,"column":8},"end":{"line":73,"column":70}},"43":{"start":{"line":74,"column":4},"end":{"line":74,"column":63}}},"fnMap":{"0":{"name":"(anonymous_0)","decl":{"start":{"line":15,"column":39},"end":{"line":15,"column":40}},"loc":{"start":{"line":15,"column":46},"end":{"line":15,"column":67}},"line":15},"1":{"name":"(anonymous_1)","decl":{"start":{"line":18,"column":10},"end":{"line":18,"column":11}},"loc":{"start":{"line":18,"column":17},"end":{"line":18,"column":54}},"line":18},"2":{"name":"register","decl":{"start":{"line":26,"column":15},"end":{"line":26,"column":23}},"loc":{"start":{"line":26,"column":34},"end":{"line":49,"column":1}},"line":26},"3":{"name":"login","decl":{"start":{"line":50,"column":15},"end":{"line":50,"column":20}},"loc":{"start":{"line":50,"column":31},"end":{"line":67,"column":1}},"line":50},"4":{"name":"me","decl":{"start":{"line":68,"column":15},"end":{"line":68,"column":17}},"loc":{"start":{"line":68,"column":28},"end":{"line":75,"column":1}},"line":68}},"branchMap":{"0":{"loc":{"start":{"line":29,"column":4},"end":{"line":33,"column":5}},"type":"if","locations":[{"start":{"line":29,"column":4},"end":{"line":33,"column":5}},{"start":{},"end":{}}],"line":29},"1":{"loc":{"start":{"line":35,"column":4},"end":{"line":36,"column":84}},"type":"if","locations":[{"start":{"line":35,"column":4},"end":{"line":36,"column":84}},{"start":{},"end":{}}],"line":35},"2":{"loc":{"start":{"line":53,"column":4},"end":{"line":57,"column":5}},"type":"if","locations":[{"start":{"line":53,"column":4},"end":{"line":57,"column":5}},{"start":{},"end":{}}],"line":53},"3":{"loc":{"start":{"line":59,"column":4},"end":{"line":62,"column":5}},"type":"if","locations":[{"start":{"line":59,"column":4},"end":{"line":62,"column":5}},{"start":{},"end":{}}],"line":59},"4":{"loc":{"start":{"line":69,"column":4},"end":{"line":70,"column":51}},"type":"if","locations":[{"start":{"line":69,"column":4},"end":{"line":70,"column":51}},{"start":{},"end":{}}],"line":69},"5":{"loc":{"start":{"line":72,"column":4},"end":{"line":73,"column":70}},"type":"if","locations":[{"start":{"line":72,"column":4},"end":{"line":73,"column":70}},{"start":{},"end":{}}],"line":72}},"s":{"0":10,"1":10,"2":10,"3":10,"4":10,"5":10,"6":10,"7":10,"8":10,"9":10,"10":10,"11":4,"12":4,"13":10,"14":4,"15":3,"16":3,"17":1,"18":1,"19":2,"20":2,"21":1,"22":1,"23":1,"24":1,"25":1,"26":2,"27":2,"28":2,"29":0,"30":0,"31":2,"32":2,"33":1,"34":1,"35":1,"36":1,"37":1,"38":1,"39":0,"40":1,"41":1,"42":0,"43":1},"f":{"0":4,"1":4,"2":4,"3":2,"4":1},"b":{"0":[1,2],"1":[1,1],"2":[0,2],"3":[1,1],"4":[0,1],"5":[0,1]},"_coverageSchema":"1a1c01bbd47fc00a2c39e90264f33305004495a9","hash":"1f95c888c0c98d5606b124945c928a7fc643775a"}
,"/Users/luisferlcc/WebDev/ULSB/React/libroclaro/api/src/controllers/books.controller.ts": {"path":"/Users/luisferlcc/WebDev/ULSB/React/libroclaro/api/src/controllers/books.controller.ts","statementMap":{"0":{"start":{"line":2,"column":22},"end":{"line":4,"column":1}},"1":{"start":{"line":3,"column":4},"end":{"line":3,"column":62}},"2":{"start":{"line":5,"column":0},"end":{"line":5,"column":62}},"3":{"start":{"line":6,"column":0},"end":{"line":6,"column":30}},"4":{"start":{"line":7,"column":0},"end":{"line":7,"column":26}},"5":{"start":{"line":8,"column":0},"end":{"line":8,"column":32}},"6":{"start":{"line":9,"column":0},"end":{"line":9,"column":32}},"7":{"start":{"line":10,"column":0},"end":{"line":10,"column":32}},"8":{"start":{"line":11,"column":0},"end":{"line":11,"column":36}},"9":{"start":{"line":12,"column":0},"end":{"line":12,"column":42}},"10":{"start":{"line":13,"column":19},"end":{"line":13,"column":58}},"11":{"start":{"line":14,"column":14},"end":{"line":14,"column":28}},"12":{"start":{"line":15,"column":17},"end":{"line":15,"column":42}},"13":{"start":{"line":16,"column":17},"end":{"line":16,"column":44}},"14":{"start":{"line":17,"column":20},"end":{"line":17,"column":49}},"15":{"start":{"line":18,"column":26},"end":{"line":18,"column":64}},"16":{"start":{"line":19,"column":22},"end":{"line":19,"column":56}},"17":{"start":{"line":20,"column":22},"end":{"line":20,"column":53}},"18":{"start":{"line":21,"column":17},"end":{"line":21,"column":44}},"19":{"start":{"line":22,"column":25},"end":{"line":28,"column":2}},"20":{"start":{"line":29,"column":25},"end":{"line":36,"column":2}},"21":{"start":{"line":37,"column":24},"end":{"line":43,"column":2}},"22":{"start":{"line":45,"column":19},"end":{"line":45,"column":51}},"23":{"start":{"line":46,"column":21},"end":{"line":46,"column":64}},"24":{"start":{"line":47,"column":18},"end":{"line":47,"column":20}},"25":{"start":{"line":48,"column":4},"end":{"line":49,"column":29}},"26":{"start":{"line":49,"column":8},"end":{"line":49,"column":29}},"27":{"start":{"line":50,"column":4},"end":{"line":51,"column":43}},"28":{"start":{"line":51,"column":8},"end":{"line":51,"column":43}},"29":{"start":{"line":52,"column":4},"end":{"line":53,"column":49}},"30":{"start":{"line":53,"column":8},"end":{"line":53,"column":49}},"31":{"start":{"line":54,"column":4},"end":{"line":55,"column":45}},"32":{"start":{"line":55,"column":8},"end":{"line":55,"column":45}},"33":{"start":{"line":56,"column":4},"end":{"line":64,"column":5}},"34":{"start":{"line":57,"column":8},"end":{"line":63,"column":10}},"35":{"start":{"line":65,"column":18},"end":{"line":69,"column":6}},"36":{"start":{"line":71,"column":4},"end":{"line":71,"column":210}},"37":{"start":{"line":72,"column":4},"end":{"line":72,"column":64}},"38":{"start":{"line":75,"column":17},"end":{"line":78,"column":6}},"39":{"start":{"line":79,"column":4},"end":{"line":80,"column":68}},"40":{"start":{"line":80,"column":8},"end":{"line":80,"column":68}},"41":{"start":{"line":81,"column":4},"end":{"line":85,"column":5}},"42":{"start":{"line":83,"column":8},"end":{"line":83,"column":92}},"43":{"start":{"line":84,"column":8},"end":{"line":84,"column":68}},"44":{"start":{"line":86,"column":4},"end":{"line":86,"column":63}},"45":{"start":{"line":89,"column":4},"end":{"line":90,"column":51}},"46":{"start":{"line":90,"column":8},"end":{"line":90,"column":51}},"47":{"start":{"line":91,"column":4},"end":{"line":92,"column":94}},"48":{"start":{"line":92,"column":8},"end":{"line":92,"column":94}},"49":{"start":{"line":93,"column":17},"end":{"line":93,"column":49}},"50":{"start":{"line":94,"column":29},"end":{"line":97,"column":6}},"51":{"start":{"line":98,"column":4},"end":{"line":99,"column":70}},"52":{"start":{"line":99,"column":8},"end":{"line":99,"column":70}},"53":{"start":{"line":100,"column":4},"end":{"line":101,"column":76}},"54":{"start":{"line":101,"column":8},"end":{"line":101,"column":76}},"55":{"start":{"line":102,"column":17},"end":{"line":113,"column":6}},"56":{"start":{"line":114,"column":20},"end":{"line":114,"column":63}},"57":{"start":{"line":115,"column":22},"end":{"line":115,"column":67}},"58":{"start":{"line":116,"column":4},"end":{"line":116,"column":65}},"59":{"start":{"line":117,"column":20},"end":{"line":117,"column":21}},"60":{"start":{"line":118,"column":4},"end":{"line":124,"column":5}},"61":{"start":{"line":119,"column":8},"end":{"line":119,"column":67}},"62":{"start":{"line":123,"column":8},"end":{"line":123,"column":117}},"63":{"start":{"line":125,"column":4},"end":{"line":125,"column":78}},"64":{"start":{"line":126,"column":20},"end":{"line":130,"column":6}},"65":{"start":{"line":132,"column":4},"end":{"line":132,"column":76}},"66":{"start":{"line":133,"column":4},"end":{"line":133,"column":78}},"67":{"start":{"line":136,"column":17},"end":{"line":136,"column":49}},"68":{"start":{"line":137,"column":17},"end":{"line":141,"column":6}},"69":{"start":{"line":143,"column":4},"end":{"line":143,"column":95}},"70":{"start":{"line":144,"column":4},"end":{"line":144,"column":63}},"71":{"start":{"line":147,"column":17},"end":{"line":147,"column":88}},"72":{"start":{"line":148,"column":4},"end":{"line":149,"column":68}},"73":{"start":{"line":149,"column":8},"end":{"line":149,"column":68}},"74":{"start":{"line":150,"column":4},"end":{"line":150,"column":66}},"75":{"start":{"line":151,"column":4},"end":{"line":161,"column":5}},"76":{"start":{"line":152,"column":8},"end":{"line":156,"column":11}},"77":{"start":{"line":160,"column":8},"end":{"line":160,"column":120}},"78":{"start":{"line":162,"column":4},"end":{"line":162,"column":26}},"79":{"start":{"line":165,"column":17},"end":{"line":165,"column":88}},"80":{"start":{"line":166,"column":4},"end":{"line":168,"column":5}},"81":{"start":{"line":167,"column":8},"end":{"line":167,"column":70}},"82":{"start":{"line":169,"column":4},"end":{"line":170,"column":68}},"83":{"start":{"line":170,"column":8},"end":{"line":170,"column":68}},"84":{"start":{"line":171,"column":4},"end":{"line":171,"column":33}},"85":{"start":{"line":174,"column":4},"end":{"line":175,"column":51}},"86":{"start":{"line":175,"column":8},"end":{"line":175,"column":51}},"87":{"start":{"line":176,"column":22},"end":{"line":176,"column":52}},"88":{"start":{"line":177,"column":17},"end":{"line":177,"column":88}},"89":{"start":{"line":178,"column":4},"end":{"line":180,"column":5}},"90":{"start":{"line":179,"column":8},"end":{"line":179,"column":68}},"91":{"start":{"line":181,"column":4},"end":{"line":184,"column":5}},"92":{"start":{"line":182,"column":8},"end":{"line":182,"column":56}},"93":{"start":{"line":183,"column":8},"end":{"line":183,"column":15}},"94":{"start":{"line":185,"column":4},"end":{"line":187,"column":5}},"95":{"start":{"line":186,"column":8},"end":{"line":186,"column":123}},"96":{"start":{"line":188,"column":20},"end":{"line":188,"column":69}},"97":{"start":{"line":189,"column":21},"end":{"line":189,"column":25}},"98":{"start":{"line":190,"column":4},"end":{"line":196,"column":5}},"99":{"start":{"line":191,"column":27},"end":{"line":191,"column":119}},"100":{"start":{"line":192,"column":8},"end":{"line":192,"column":47}},"101":{"start":{"line":195,"column":8},"end":{"line":195,"column":26}},"102":{"start":{"line":197,"column":4},"end":{"line":211,"column":5}},"103":{"start":{"line":198,"column":28},"end":{"line":201,"column":10}},"104":{"start":{"line":202,"column":8},"end":{"line":210,"column":13}},"105":{"start":{"line":202,"column":98},"end":{"line":210,"column":9}},"106":{"start":{"line":212,"column":4},"end":{"line":212,"column":57}}},"fnMap":{"0":{"name":"(anonymous_0)","decl":{"start":{"line":2,"column":56},"end":{"line":2,"column":57}},"loc":{"start":{"line":2,"column":71},"end":{"line":4,"column":1}},"line":2},"1":{"name":"listBooks","decl":{"start":{"line":44,"column":15},"end":{"line":44,"column":24}},"loc":{"start":{"line":44,"column":35},"end":{"line":73,"column":1}},"line":44},"2":{"name":"getBook","decl":{"start":{"line":74,"column":15},"end":{"line":74,"column":22}},"loc":{"start":{"line":74,"column":33},"end":{"line":87,"column":1}},"line":74},"3":{"name":"createBook","decl":{"start":{"line":88,"column":15},"end":{"line":88,"column":25}},"loc":{"start":{"line":88,"column":36},"end":{"line":134,"column":1}},"line":88},"4":{"name":"updateBook","decl":{"start":{"line":135,"column":15},"end":{"line":135,"column":25}},"loc":{"start":{"line":135,"column":36},"end":{"line":145,"column":1}},"line":135},"5":{"name":"deleteBook","decl":{"start":{"line":146,"column":15},"end":{"line":146,"column":25}},"loc":{"start":{"line":146,"column":36},"end":{"line":163,"column":1}},"line":146},"6":{"name":"getBookCover","decl":{"start":{"line":164,"column":15},"end":{"line":164,"column":27}},"loc":{"start":{"line":164,"column":38},"end":{"line":172,"column":1}},"line":164},"7":{"name":"downloadBookPdf","decl":{"start":{"line":173,"column":15},"end":{"line":173,"column":30}},"loc":{"start":{"line":173,"column":41},"end":{"line":213,"column":1}},"line":173},"8":{"name":"(anonymous_8)","decl":{"start":{"line":202,"column":90},"end":{"line":202,"column":91}},"loc":{"start":{"line":202,"column":98},"end":{"line":210,"column":9}},"line":202}},"branchMap":{"0":{"loc":{"start":{"line":2,"column":22},"end":{"line":4,"column":1}},"type":"binary-expr","locations":[{"start":{"line":2,"column":23},"end":{"line":2,"column":27}},{"start":{"line":2,"column":31},"end":{"line":2,"column":51}},{"start":{"line":2,"column":56},"end":{"line":4,"column":1}}],"line":2},"1":{"loc":{"start":{"line":3,"column":11},"end":{"line":3,"column":61}},"type":"cond-expr","locations":[{"start":{"line":3,"column":37},"end":{"line":3,"column":40}},{"start":{"line":3,"column":43},"end":{"line":3,"column":61}}],"line":3},"2":{"loc":{"start":{"line":3,"column":12},"end":{"line":3,"column":33}},"type":"binary-expr","locations":[{"start":{"line":3,"column":12},"end":{"line":3,"column":15}},{"start":{"line":3,"column":19},"end":{"line":3,"column":33}}],"line":3},"3":{"loc":{"start":{"line":48,"column":4},"end":{"line":49,"column":29}},"type":"if","locations":[{"start":{"line":48,"column":4},"end":{"line":49,"column":29}},{"start":{},"end":{}}],"line":48},"4":{"loc":{"start":{"line":48,"column":8},"end":{"line":48,"column":42}},"type":"binary-expr","locations":[{"start":{"line":48,"column":8},"end":{"line":48,"column":17}},{"start":{"line":48,"column":21},"end":{"line":48,"column":42}}],"line":48},"5":{"loc":{"start":{"line":50,"column":4},"end":{"line":51,"column":43}},"type":"if","locations":[{"start":{"line":50,"column":4},"end":{"line":51,"column":43}},{"start":{},"end":{}}],"line":50},"6":{"loc":{"start":{"line":52,"column":4},"end":{"line":53,"column":49}},"type":"if","locations":[{"start":{"line":52,"column":4},"end":{"line":53,"column":49}},{"start":{},"end":{}}],"line":52},"7":{"loc":{"start":{"line":54,"column":4},"end":{"line":55,"column":45}},"type":"if","locations":[{"start":{"line":54,"column":4},"end":{"line":55,"column":45}},{"start":{},"end":{}}],"line":54},"8":{"loc":{"start":{"line":56,"column":4},"end":{"line":64,"column":5}},"type":"if","locations":[{"start":{"line":56,"column":4},"end":{"line":64,"column":5}},{"start":{},"end":{}}],"line":56},"9":{"loc":{"start":{"line":79,"column":4},"end":{"line":80,"column":68}},"type":"if","locations":[{"start":{"line":79,"column":4},"end":{"line":80,"column":68}},{"start":{},"end":{}}],"line":79},"10":{"loc":{"start":{"line":81,"column":4},"end":{"line":85,"column":5}},"type":"if","locations":[{"start":{"line":81,"column":4},"end":{"line":85,"column":5}},{"start":{},"end":{}}],"line":81},"11":{"loc":{"start":{"line":81,"column":8},"end":{"line":81,"column":66}},"type":"binary-expr","locations":[{"start":{"line":81,"column":8},"end":{"line":81,"column":19}},{"start":{"line":81,"column":23},"end":{"line":81,"column":66}}],"line":81},"12":{"loc":{"start":{"line":89,"column":4},"end":{"line":90,"column":51}},"type":"if","locations":[{"start":{"line":89,"column":4},"end":{"line":90,"column":51}},{"start":{},"end":{}}],"line":89},"13":{"loc":{"start":{"line":91,"column":4},"end":{"line":92,"column":94}},"type":"if","locations":[{"start":{"line":91,"column":4},"end":{"line":92,"column":94}},{"start":{},"end":{}}],"line":91},"14":{"loc":{"start":{"line":98,"column":4},"end":{"line":99,"column":70}},"type":"if","locations":[{"start":{"line":98,"column":4},"end":{"line":99,"column":70}},{"start":{},"end":{}}],"line":98},"15":{"loc":{"start":{"line":100,"column":4},"end":{"line":101,"column":76}},"type":"if","locations":[{"start":{"line":100,"column":4},"end":{"line":101,"column":76}},{"start":{},"end":{}}],"line":100},"16":{"loc":{"start":{"line":148,"column":4},"end":{"line":149,"column":68}},"type":"if","locations":[{"start":{"line":148,"column":4},"end":{"line":149,"column":68}},{"start":{},"end":{}}],"line":148},"17":{"loc":{"start":{"line":166,"column":4},"end":{"line":168,"column":5}},"type":"if","locations":[{"start":{"line":166,"column":4},"end":{"line":168,"column":5}},{"start":{},"end":{}}],"line":166},"18":{"loc":{"start":{"line":166,"column":8},"end":{"line":166,"column":77}},"type":"binary-expr","locations":[{"start":{"line":166,"column":8},"end":{"line":166,"column":13}},{"start":{"line":166,"column":18},"end":{"line":166,"column":29}},{"start":{"line":166,"column":33},"end":{"line":166,"column":76}}],"line":166},"19":{"loc":{"start":{"line":169,"column":4},"end":{"line":170,"column":68}},"type":"if","locations":[{"start":{"line":169,"column":4},"end":{"line":170,"column":68}},{"start":{},"end":{}}],"line":169},"20":{"loc":{"start":{"line":174,"column":4},"end":{"line":175,"column":51}},"type":"if","locations":[{"start":{"line":174,"column":4},"end":{"line":175,"column":51}},{"start":{},"end":{}}],"line":174},"21":{"loc":{"start":{"line":178,"column":4},"end":{"line":180,"column":5}},"type":"if","locations":[{"start":{"line":178,"column":4},"end":{"line":180,"column":5}},{"start":{},"end":{}}],"line":178},"22":{"loc":{"start":{"line":178,"column":8},"end":{"line":178,"column":76}},"type":"binary-expr","locations":[{"start":{"line":178,"column":8},"end":{"line":178,"column":13}},{"start":{"line":178,"column":18},"end":{"line":178,"column":29}},{"start":{"line":178,"column":33},"end":{"line":178,"column":75}}],"line":178},"23":{"loc":{"start":{"line":181,"column":4},"end":{"line":184,"column":5}},"type":"if","locations":[{"start":{"line":181,"column":4},"end":{"line":184,"column":5}},{"start":{},"end":{}}],"line":181},"24":{"loc":{"start":{"line":185,"column":4},"end":{"line":187,"column":5}},"type":"if","locations":[{"start":{"line":185,"column":4},"end":{"line":187,"column":5}},{"start":{},"end":{}}],"line":185},"25":{"loc":{"start":{"line":185,"column":8},"end":{"line":185,"column":106}},"type":"binary-expr","locations":[{"start":{"line":185,"column":8},"end":{"line":185,"column":60}},{"start":{"line":185,"column":64},"end":{"line":185,"column":106}}],"line":185},"26":{"loc":{"start":{"line":197,"column":4},"end":{"line":211,"column":5}},"type":"if","locations":[{"start":{"line":197,"column":4},"end":{"line":211,"column":5}},{"start":{},"end":{}}],"line":197}},"s":{"0":10,"1":10,"2":10,"3":10,"4":10,"5":10,"6":10,"7":10,"8":10,"9":10,"10":10,"11":10,"12":10,"13":10,"14":10,"15":10,"16":10,"17":10,"18":10,"19":10,"20":10,"21":10,"22":3,"23":3,"24":3,"25":3,"26":2,"27":3,"28":0,"29":3,"30":0,"31":3,"32":0,"33":3,"34":1,"35":3,"36":3,"37":3,"38":2,"39":2,"40":0,"41":2,"42":1,"43":1,"44":1,"45":3,"46":0,"47":3,"48":0,"49":3,"50":3,"51":3,"52":0,"53":3,"54":0,"55":3,"56":3,"57":3,"58":3,"59":3,"60":3,"61":3,"62":0,"63":3,"64":3,"65":3,"66":3,"67":1,"68":1,"69":1,"70":1,"71":1,"72":1,"73":0,"74":1,"75":1,"76":1,"77":0,"78":1,"79":0,"80":0,"81":0,"82":0,"83":0,"84":0,"85":3,"86":0,"87":3,"88":3,"89":3,"90":0,"91":3,"92":1,"93":1,"94":2,"95":1,"96":1,"97":1,"98":1,"99":1,"100":0,"101":1,"102":1,"103":1,"104":1,"105":1,"106":1},"f":{"0":10,"1":3,"2":2,"3":3,"4":1,"5":1,"6":0,"7":3,"8":1},"b":{"0":[10,10,10],"1":[0,10],"2":[10,10],"3":[2,1],"4":[3,2],"5":[0,3],"6":[0,3],"7":[0,3],"8":[1,2],"9":[0,2],"10":[1,1],"11":[2,1],"12":[0,3],"13":[0,3],"14":[0,3],"15":[0,3],"16":[0,1],"17":[0,0],"18":[0,0,0],"19":[0,0],"20":[0,3],"21":[0,3],"22":[3,3,2],"23":[1,2],"24":[1,1],"25":[2,1],"26":[1,0]},"_coverageSchema":"1a1c01bbd47fc00a2c39e90264f33305004495a9","hash":"217c4ddbe6db5f2ac9c7b29936886cf15a2474aa"}
,"/Users/luisferlcc/WebDev/ULSB/React/libroclaro/api/src/controllers/catalog.controller.ts": {"path":"/Users/luisferlcc/WebDev/ULSB/React/libroclaro/api/src/controllers/catalog.controller.ts","statementMap":{"0":{"start":{"line":2,"column":0},"end":{"line":2,"column":62}},"1":{"start":{"line":3,"column":0},"end":{"line":3,"column":36}},"2":{"start":{"line":4,"column":0},"end":{"line":4,"column":38}},"3":{"start":{"line":5,"column":0},"end":{"line":5,"column":42}},"4":{"start":{"line":6,"column":0},"end":{"line":6,"column":44}},"5":{"start":{"line":7,"column":14},"end":{"line":7,"column":28}},"6":{"start":{"line":8,"column":17},"end":{"line":8,"column":44}},"7":{"start":{"line":9,"column":22},"end":{"line":9,"column":80}},"8":{"start":{"line":10,"column":20},"end":{"line":10,"column":115}},"9":{"start":{"line":12,"column":21},"end":{"line":12,"column":89}},"10":{"start":{"line":13,"column":4},"end":{"line":13,"column":27}},"11":{"start":{"line":16,"column":17},"end":{"line":16,"column":46}},"12":{"start":{"line":17,"column":20},"end":{"line":17,"column":66}},"13":{"start":{"line":18,"column":4},"end":{"line":18,"column":38}},"14":{"start":{"line":21,"column":19},"end":{"line":21,"column":91}},"15":{"start":{"line":22,"column":4},"end":{"line":22,"column":38}},"16":{"start":{"line":25,"column":17},"end":{"line":25,"column":44}},"17":{"start":{"line":26,"column":18},"end":{"line":26,"column":67}},"18":{"start":{"line":27,"column":4},"end":{"line":27,"column":48}}},"fnMap":{"0":{"name":"listSubjects","decl":{"start":{"line":11,"column":15},"end":{"line":11,"column":27}},"loc":{"start":{"line":11,"column":39},"end":{"line":14,"column":1}},"line":11},"1":{"name":"createSubject","decl":{"start":{"line":15,"column":15},"end":{"line":15,"column":28}},"loc":{"start":{"line":15,"column":39},"end":{"line":19,"column":1}},"line":15},"2":{"name":"listGradeLevels","decl":{"start":{"line":20,"column":15},"end":{"line":20,"column":30}},"loc":{"start":{"line":20,"column":42},"end":{"line":23,"column":1}},"line":20},"3":{"name":"createGradeLevel","decl":{"start":{"line":24,"column":15},"end":{"line":24,"column":31}},"loc":{"start":{"line":24,"column":42},"end":{"line":28,"column":1}},"line":24}},"branchMap":{},"s":{"0":10,"1":10,"2":10,"3":10,"4":10,"5":10,"6":10,"7":10,"8":10,"9":1,"10":1,"11":1,"12":1,"13":1,"14":1,"15":1,"16":1,"17":1,"18":1},"f":{"0":1,"1":1,"2":1,"3":1},"b":{},"_coverageSchema":"1a1c01bbd47fc00a2c39e90264f33305004495a9","hash":"4e39e56c246c7e10f837cedcd77c7377f8c0819f"}
,"/Users/luisferlcc/WebDev/ULSB/React/libroclaro/api/src/controllers/editors.controller.ts": {"path":"/Users/luisferlcc/WebDev/ULSB/React/libroclaro/api/src/controllers/editors.controller.ts","statementMap":{"0":{"start":{"line":2,"column":0},"end":{"line":2,"column":62}},"1":{"start":{"line":3,"column":0},"end":{"line":3,"column":36}},"2":{"start":{"line":4,"column":0},"end":{"line":4,"column":42}},"3":{"start":{"line":5,"column":14},"end":{"line":5,"column":28}},"4":{"start":{"line":6,"column":17},"end":{"line":6,"column":42}},"5":{"start":{"line":7,"column":17},"end":{"line":7,"column":44}},"6":{"start":{"line":8,"column":20},"end":{"line":8,"column":49}},"7":{"start":{"line":9,"column":23},"end":{"line":9,"column":58}},"8":{"start":{"line":10,"column":22},"end":{"line":10,"column":53}},"9":{"start":{"line":11,"column":17},"end":{"line":11,"column":44}},"10":{"start":{"line":12,"column":27},"end":{"line":17,"column":2}},"11":{"start":{"line":18,"column":22},"end":{"line":20,"column":2}},"12":{"start":{"line":22,"column":17},"end":{"line":22,"column":51}},"13":{"start":{"line":23,"column":22},"end":{"line":23,"column":46}},"14":{"start":{"line":24,"column":4},"end":{"line":25,"column":65}},"15":{"start":{"line":25,"column":8},"end":{"line":25,"column":65}},"16":{"start":{"line":26,"column":4},"end":{"line":27,"column":78}},"17":{"start":{"line":27,"column":8},"end":{"line":27,"column":78}},"18":{"start":{"line":28,"column":21},"end":{"line":28,"column":92}},"19":{"start":{"line":29,"column":4},"end":{"line":30,"column":84}},"20":{"start":{"line":30,"column":8},"end":{"line":30,"column":84}},"21":{"start":{"line":31,"column":19},"end":{"line":40,"column":6}},"22":{"start":{"line":41,"column":4},"end":{"line":41,"column":77}},"23":{"start":{"line":44,"column":17},"end":{"line":44,"column":46}},"24":{"start":{"line":45,"column":19},"end":{"line":45,"column":90}},"25":{"start":{"line":46,"column":4},"end":{"line":47,"column":70}},"26":{"start":{"line":47,"column":8},"end":{"line":47,"column":70}},"27":{"start":{"line":48,"column":4},"end":{"line":49,"column":63}},"28":{"start":{"line":49,"column":8},"end":{"line":49,"column":63}},"29":{"start":{"line":50,"column":4},"end":{"line":52,"column":5}},"30":{"start":{"line":51,"column":8},"end":{"line":51,"column":113}},"31":{"start":{"line":53,"column":20},"end":{"line":56,"column":6}},"32":{"start":{"line":58,"column":4},"end":{"line":58,"column":79}},"33":{"start":{"line":59,"column":4},"end":{"line":59,"column":66}}},"fnMap":{"0":{"name":"createEditor","decl":{"start":{"line":21,"column":15},"end":{"line":21,"column":27}},"loc":{"start":{"line":21,"column":38},"end":{"line":42,"column":1}},"line":21},"1":{"name":"promoteToEditor","decl":{"start":{"line":43,"column":15},"end":{"line":43,"column":30}},"loc":{"start":{"line":43,"column":41},"end":{"line":60,"column":1}},"line":43}},"branchMap":{"0":{"loc":{"start":{"line":24,"column":4},"end":{"line":25,"column":65}},"type":"if","locations":[{"start":{"line":24,"column":4},"end":{"line":25,"column":65}},{"start":{},"end":{}}],"line":24},"1":{"loc":{"start":{"line":26,"column":4},"end":{"line":27,"column":78}},"type":"if","locations":[{"start":{"line":26,"column":4},"end":{"line":27,"column":78}},{"start":{},"end":{}}],"line":26},"2":{"loc":{"start":{"line":29,"column":4},"end":{"line":30,"column":84}},"type":"if","locations":[{"start":{"line":29,"column":4},"end":{"line":30,"column":84}},{"start":{},"end":{}}],"line":29},"3":{"loc":{"start":{"line":46,"column":4},"end":{"line":47,"column":70}},"type":"if","locations":[{"start":{"line":46,"column":4},"end":{"line":47,"column":70}},{"start":{},"end":{}}],"line":46},"4":{"loc":{"start":{"line":48,"column":4},"end":{"line":49,"column":63}},"type":"if","locations":[{"start":{"line":48,"column":4},"end":{"line":49,"column":63}},{"start":{},"end":{}}],"line":48},"5":{"loc":{"start":{"line":50,"column":4},"end":{"line":52,"column":5}},"type":"if","locations":[{"start":{"line":50,"column":4},"end":{"line":52,"column":5}},{"start":{},"end":{}}],"line":50},"6":{"loc":{"start":{"line":50,"column":8},"end":{"line":50,"column":83}},"type":"binary-expr","locations":[{"start":{"line":50,"column":8},"end":{"line":50,"column":28}},{"start":{"line":50,"column":32},"end":{"line":50,"column":83}}],"line":50}},"s":{"0":10,"1":10,"2":10,"3":10,"4":10,"5":10,"6":10,"7":10,"8":10,"9":10,"10":10,"11":10,"12":1,"13":1,"14":1,"15":0,"16":1,"17":0,"18":1,"19":1,"20":0,"21":1,"22":1,"23":2,"24":2,"25":2,"26":0,"27":2,"28":1,"29":1,"30":0,"31":1,"32":1,"33":1},"f":{"0":1,"1":2},"b":{"0":[0,1],"1":[0,1],"2":[0,1],"3":[0,2],"4":[1,1],"5":[0,1],"6":[1,1]},"_coverageSchema":"1a1c01bbd47fc00a2c39e90264f33305004495a9","hash":"fd6109fa577551335c4ea7219b3db61f56574854"}
,"/Users/luisferlcc/WebDev/ULSB/React/libroclaro/api/src/controllers/institutions.controller.ts": {"path":"/Users/luisferlcc/WebDev/ULSB/React/libroclaro/api/src/controllers/institutions.controller.ts","statementMap":{"0":{"start":{"line":2,"column":0},"end":{"line":2,"column":62}},"1":{"start":{"line":3,"column":0},"end":{"line":3,"column":26}},"2":{"start":{"line":4,"column":0},"end":{"line":4,"column":32}},"3":{"start":{"line":5,"column":0},"end":{"line":5,"column":34}},"4":{"start":{"line":6,"column":0},"end":{"line":6,"column":36}},"5":{"start":{"line":7,"column":0},"end":{"line":7,"column":46}},"6":{"start":{"line":8,"column":0},"end":{"line":8,"column":36}},"7":{"start":{"line":9,"column":0},"end":{"line":9,"column":36}},"8":{"start":{"line":10,"column":14},"end":{"line":10,"column":28}},"9":{"start":{"line":11,"column":17},"end":{"line":11,"column":42}},"10":{"start":{"line":12,"column":17},"end":{"line":12,"column":44}},"11":{"start":{"line":13,"column":20},"end":{"line":13,"column":49}},"12":{"start":{"line":14,"column":23},"end":{"line":14,"column":58}},"13":{"start":{"line":15,"column":22},"end":{"line":15,"column":53}},"14":{"start":{"line":16,"column":17},"end":{"line":16,"column":44}},"15":{"start":{"line":17,"column":32},"end":{"line":19,"column":2}},"16":{"start":{"line":20,"column":27},"end":{"line":25,"column":2}},"17":{"start":{"line":26,"column":32},"end":{"line":28,"column":2}},"18":{"start":{"line":29,"column":27},"end":{"line":34,"column":2}},"19":{"start":{"line":36,"column":17},"end":{"line":36,"column":93}},"20":{"start":{"line":37,"column":4},"end":{"line":38,"column":94}},"21":{"start":{"line":38,"column":8},"end":{"line":38,"column":94}},"22":{"start":{"line":39,"column":4},"end":{"line":39,"column":16}},"23":{"start":{"line":42,"column":4},"end":{"line":43,"column":51}},"24":{"start":{"line":43,"column":8},"end":{"line":43,"column":51}},"25":{"start":{"line":44,"column":17},"end":{"line":44,"column":55}},"26":{"start":{"line":45,"column":4},"end":{"line":45,"column":77}},"27":{"start":{"line":48,"column":4},"end":{"line":49,"column":51}},"28":{"start":{"line":49,"column":8},"end":{"line":49,"column":51}},"29":{"start":{"line":50,"column":17},"end":{"line":50,"column":55}},"30":{"start":{"line":51,"column":17},"end":{"line":51,"column":56}},"31":{"start":{"line":52,"column":20},"end":{"line":52,"column":94}},"32":{"start":{"line":53,"column":4},"end":{"line":53,"column":80}},"33":{"start":{"line":56,"column":4},"end":{"line":57,"column":51}},"34":{"start":{"line":57,"column":8},"end":{"line":57,"column":51}},"35":{"start":{"line":58,"column":17},"end":{"line":58,"column":55}},"36":{"start":{"line":59,"column":20},"end":{"line":62,"column":6}},"37":{"start":{"line":63,"column":4},"end":{"line":63,"column":68}},"38":{"start":{"line":66,"column":4},"end":{"line":67,"column":51}},"39":{"start":{"line":67,"column":8},"end":{"line":67,"column":51}},"40":{"start":{"line":68,"column":17},"end":{"line":68,"column":55}},"41":{"start":{"line":69,"column":17},"end":{"line":69,"column":51}},"42":{"start":{"line":70,"column":22},"end":{"line":70,"column":46}},"43":{"start":{"line":71,"column":4},"end":{"line":72,"column":65}},"44":{"start":{"line":72,"column":8},"end":{"line":72,"column":65}},"45":{"start":{"line":73,"column":4},"end":{"line":74,"column":89}},"46":{"start":{"line":74,"column":8},"end":{"line":74,"column":89}},"47":{"start":{"line":75,"column":21},"end":{"line":75,"column":92}},"48":{"start":{"line":76,"column":4},"end":{"line":77,"column":84}},"49":{"start":{"line":77,"column":8},"end":{"line":77,"column":84}},"50":{"start":{"line":78,"column":19},"end":{"line":88,"column":6}},"51":{"start":{"line":90,"column":4},"end":{"line":90,"column":108}},"52":{"start":{"line":91,"column":4},"end":{"line":91,"column":77}},"53":{"start":{"line":94,"column":4},"end":{"line":95,"column":51}},"54":{"start":{"line":95,"column":8},"end":{"line":95,"column":51}},"55":{"start":{"line":96,"column":17},"end":{"line":96,"column":55}},"56":{"start":{"line":97,"column":17},"end":{"line":97,"column":56}},"57":{"start":{"line":98,"column":19},"end":{"line":98,"column":90}},"58":{"start":{"line":99,"column":4},"end":{"line":100,"column":70}},"59":{"start":{"line":100,"column":8},"end":{"line":100,"column":70}},"60":{"start":{"line":101,"column":4},"end":{"line":103,"column":5}},"61":{"start":{"line":102,"column":8},"end":{"line":102,"column":108}},"62":{"start":{"line":104,"column":4},"end":{"line":106,"column":5}},"63":{"start":{"line":105,"column":8},"end":{"line":105,"column":91}},"64":{"start":{"line":107,"column":20},"end":{"line":110,"column":6}},"65":{"start":{"line":112,"column":4},"end":{"line":112,"column":119}},"66":{"start":{"line":113,"column":4},"end":{"line":113,"column":66}},"67":{"start":{"line":116,"column":4},"end":{"line":117,"column":51}},"68":{"start":{"line":117,"column":8},"end":{"line":117,"column":51}},"69":{"start":{"line":118,"column":17},"end":{"line":118,"column":55}},"70":{"start":{"line":119,"column":21},"end":{"line":119,"column":34}},"71":{"start":{"line":120,"column":19},"end":{"line":120,"column":85}},"72":{"start":{"line":121,"column":4},"end":{"line":123,"column":5}},"73":{"start":{"line":122,"column":8},"end":{"line":122,"column":70}},"74":{"start":{"line":124,"column":17},"end":{"line":124,"column":51}},"75":{"start":{"line":125,"column":23},"end":{"line":125,"column":25}},"76":{"start":{"line":126,"column":4},"end":{"line":127,"column":44}},"77":{"start":{"line":127,"column":8},"end":{"line":127,"column":44}},"78":{"start":{"line":128,"column":4},"end":{"line":133,"column":5}},"79":{"start":{"line":129,"column":22},"end":{"line":129,"column":93}},"80":{"start":{"line":130,"column":8},"end":{"line":131,"column":66}},"81":{"start":{"line":131,"column":12},"end":{"line":131,"column":66}},"82":{"start":{"line":132,"column":8},"end":{"line":132,"column":38}},"83":{"start":{"line":134,"column":4},"end":{"line":141,"column":5}},"84":{"start":{"line":135,"column":19},"end":{"line":135,"column":43}},"85":{"start":{"line":136,"column":8},"end":{"line":137,"column":69}},"86":{"start":{"line":137,"column":12},"end":{"line":137,"column":69}},"87":{"start":{"line":138,"column":8},"end":{"line":139,"column":82}},"88":{"start":{"line":139,"column":12},"end":{"line":139,"column":82}},"89":{"start":{"line":140,"column":8},"end":{"line":140,"column":34}},"90":{"start":{"line":142,"column":4},"end":{"line":143,"column":88}},"91":{"start":{"line":143,"column":8},"end":{"line":143,"column":88}},"92":{"start":{"line":144,"column":20},"end":{"line":144,"column":100}},"93":{"start":{"line":145,"column":4},"end":{"line":145,"column":66}},"94":{"start":{"line":148,"column":4},"end":{"line":149,"column":51}},"95":{"start":{"line":149,"column":8},"end":{"line":149,"column":51}},"96":{"start":{"line":150,"column":17},"end":{"line":150,"column":55}},"97":{"start":{"line":151,"column":21},"end":{"line":151,"column":34}},"98":{"start":{"line":152,"column":19},"end":{"line":152,"column":85}},"99":{"start":{"line":153,"column":4},"end":{"line":155,"column":5}},"100":{"start":{"line":154,"column":8},"end":{"line":154,"column":70}},"101":{"start":{"line":156,"column":4},"end":{"line":156,"column":67}},"102":{"start":{"line":157,"column":4},"end":{"line":157,"column":26}}},"fnMap":{"0":{"name":"getAdminInstitution","decl":{"start":{"line":35,"column":15},"end":{"line":35,"column":34}},"loc":{"start":{"line":35,"column":43},"end":{"line":40,"column":1}},"line":35},"1":{"name":"getMine","decl":{"start":{"line":41,"column":15},"end":{"line":41,"column":22}},"loc":{"start":{"line":41,"column":33},"end":{"line":46,"column":1}},"line":41},"2":{"name":"updateMine","decl":{"start":{"line":47,"column":15},"end":{"line":47,"column":25}},"loc":{"start":{"line":47,"column":36},"end":{"line":54,"column":1}},"line":47},"3":{"name":"listMembers","decl":{"start":{"line":55,"column":15},"end":{"line":55,"column":26}},"loc":{"start":{"line":55,"column":37},"end":{"line":64,"column":1}},"line":55},"4":{"name":"createMember","decl":{"start":{"line":65,"column":15},"end":{"line":65,"column":27}},"loc":{"start":{"line":65,"column":38},"end":{"line":92,"column":1}},"line":65},"5":{"name":"addExistingMember","decl":{"start":{"line":93,"column":15},"end":{"line":93,"column":32}},"loc":{"start":{"line":93,"column":43},"end":{"line":114,"column":1}},"line":93},"6":{"name":"updateMember","decl":{"start":{"line":115,"column":15},"end":{"line":115,"column":27}},"loc":{"start":{"line":115,"column":38},"end":{"line":146,"column":1}},"line":115},"7":{"name":"removeMember","decl":{"start":{"line":147,"column":15},"end":{"line":147,"column":27}},"loc":{"start":{"line":147,"column":38},"end":{"line":158,"column":1}},"line":147}},"branchMap":{"0":{"loc":{"start":{"line":37,"column":4},"end":{"line":38,"column":94}},"type":"if","locations":[{"start":{"line":37,"column":4},"end":{"line":38,"column":94}},{"start":{},"end":{}}],"line":37},"1":{"loc":{"start":{"line":42,"column":4},"end":{"line":43,"column":51}},"type":"if","locations":[{"start":{"line":42,"column":4},"end":{"line":43,"column":51}},{"start":{},"end":{}}],"line":42},"2":{"loc":{"start":{"line":48,"column":4},"end":{"line":49,"column":51}},"type":"if","locations":[{"start":{"line":48,"column":4},"end":{"line":49,"column":51}},{"start":{},"end":{}}],"line":48},"3":{"loc":{"start":{"line":56,"column":4},"end":{"line":57,"column":51}},"type":"if","locations":[{"start":{"line":56,"column":4},"end":{"line":57,"column":51}},{"start":{},"end":{}}],"line":56},"4":{"loc":{"start":{"line":66,"column":4},"end":{"line":67,"column":51}},"type":"if","locations":[{"start":{"line":66,"column":4},"end":{"line":67,"column":51}},{"start":{},"end":{}}],"line":66},"5":{"loc":{"start":{"line":71,"column":4},"end":{"line":72,"column":65}},"type":"if","locations":[{"start":{"line":71,"column":4},"end":{"line":72,"column":65}},{"start":{},"end":{}}],"line":71},"6":{"loc":{"start":{"line":73,"column":4},"end":{"line":74,"column":89}},"type":"if","locations":[{"start":{"line":73,"column":4},"end":{"line":74,"column":89}},{"start":{},"end":{}}],"line":73},"7":{"loc":{"start":{"line":76,"column":4},"end":{"line":77,"column":84}},"type":"if","locations":[{"start":{"line":76,"column":4},"end":{"line":77,"column":84}},{"start":{},"end":{}}],"line":76},"8":{"loc":{"start":{"line":94,"column":4},"end":{"line":95,"column":51}},"type":"if","locations":[{"start":{"line":94,"column":4},"end":{"line":95,"column":51}},{"start":{},"end":{}}],"line":94},"9":{"loc":{"start":{"line":99,"column":4},"end":{"line":100,"column":70}},"type":"if","locations":[{"start":{"line":99,"column":4},"end":{"line":100,"column":70}},{"start":{},"end":{}}],"line":99},"10":{"loc":{"start":{"line":101,"column":4},"end":{"line":103,"column":5}},"type":"if","locations":[{"start":{"line":101,"column":4},"end":{"line":103,"column":5}},{"start":{},"end":{}}],"line":101},"11":{"loc":{"start":{"line":104,"column":4},"end":{"line":106,"column":5}},"type":"if","locations":[{"start":{"line":104,"column":4},"end":{"line":106,"column":5}},{"start":{},"end":{}}],"line":104},"12":{"loc":{"start":{"line":116,"column":4},"end":{"line":117,"column":51}},"type":"if","locations":[{"start":{"line":116,"column":4},"end":{"line":117,"column":51}},{"start":{},"end":{}}],"line":116},"13":{"loc":{"start":{"line":121,"column":4},"end":{"line":123,"column":5}},"type":"if","locations":[{"start":{"line":121,"column":4},"end":{"line":123,"column":5}},{"start":{},"end":{}}],"line":121},"14":{"loc":{"start":{"line":121,"column":8},"end":{"line":121,"column":51}},"type":"binary-expr","locations":[{"start":{"line":121,"column":8},"end":{"line":121,"column":15}},{"start":{"line":121,"column":19},"end":{"line":121,"column":51}}],"line":121},"15":{"loc":{"start":{"line":126,"column":4},"end":{"line":127,"column":44}},"type":"if","locations":[{"start":{"line":126,"column":4},"end":{"line":127,"column":44}},{"start":{},"end":{}}],"line":126},"16":{"loc":{"start":{"line":128,"column":4},"end":{"line":133,"column":5}},"type":"if","locations":[{"start":{"line":128,"column":4},"end":{"line":133,"column":5}},{"start":{},"end":{}}],"line":128},"17":{"loc":{"start":{"line":130,"column":8},"end":{"line":131,"column":66}},"type":"if","locations":[{"start":{"line":130,"column":8},"end":{"line":131,"column":66}},{"start":{},"end":{}}],"line":130},"18":{"loc":{"start":{"line":130,"column":12},"end":{"line":130,"column":42}},"type":"binary-expr","locations":[{"start":{"line":130,"column":12},"end":{"line":130,"column":17}},{"start":{"line":130,"column":21},"end":{"line":130,"column":42}}],"line":130},"19":{"loc":{"start":{"line":134,"column":4},"end":{"line":141,"column":5}},"type":"if","locations":[{"start":{"line":134,"column":4},"end":{"line":141,"column":5}},{"start":{},"end":{}}],"line":134},"20":{"loc":{"start":{"line":136,"column":8},"end":{"line":137,"column":69}},"type":"if","locations":[{"start":{"line":136,"column":8},"end":{"line":137,"column":69}},{"start":{},"end":{}}],"line":136},"21":{"loc":{"start":{"line":138,"column":8},"end":{"line":139,"column":82}},"type":"if","locations":[{"start":{"line":138,"column":8},"end":{"line":139,"column":82}},{"start":{},"end":{}}],"line":138},"22":{"loc":{"start":{"line":142,"column":4},"end":{"line":143,"column":88}},"type":"if","locations":[{"start":{"line":142,"column":4},"end":{"line":143,"column":88}},{"start":{},"end":{}}],"line":142},"23":{"loc":{"start":{"line":148,"column":4},"end":{"line":149,"column":51}},"type":"if","locations":[{"start":{"line":148,"column":4},"end":{"line":149,"column":51}},{"start":{},"end":{}}],"line":148},"24":{"loc":{"start":{"line":153,"column":4},"end":{"line":155,"column":5}},"type":"if","locations":[{"start":{"line":153,"column":4},"end":{"line":155,"column":5}},{"start":{},"end":{}}],"line":153},"25":{"loc":{"start":{"line":153,"column":8},"end":{"line":153,"column":51}},"type":"binary-expr","locations":[{"start":{"line":153,"column":8},"end":{"line":153,"column":15}},{"start":{"line":153,"column":19},"end":{"line":153,"column":51}}],"line":153}},"s":{"0":10,"1":10,"2":10,"3":10,"4":10,"5":10,"6":10,"7":10,"8":10,"9":10,"10":10,"11":10,"12":10,"13":10,"14":10,"15":10,"16":10,"17":10,"18":10,"19":7,"20":7,"21":0,"22":7,"23":1,"24":0,"25":1,"26":1,"27":1,"28":0,"29":1,"30":1,"31":1,"32":1,"33":1,"34":0,"35":1,"36":1,"37":1,"38":1,"39":0,"40":1,"41":1,"42":1,"43":1,"44":0,"45":1,"46":0,"47":1,"48":1,"49":0,"50":1,"51":1,"52":1,"53":1,"54":0,"55":1,"56":1,"57":1,"58":1,"59":0,"60":1,"61":0,"62":1,"63":0,"64":1,"65":1,"66":1,"67":1,"68":0,"69":1,"70":1,"71":1,"72":1,"73":0,"74":1,"75":1,"76":1,"77":1,"78":1,"79":0,"80":0,"81":0,"82":0,"83":1,"84":0,"85":0,"86":0,"87":0,"88":0,"89":0,"90":1,"91":0,"92":1,"93":1,"94":1,"95":0,"96":1,"97":1,"98":1,"99":1,"100":0,"101":1,"102":1},"f":{"0":7,"1":1,"2":1,"3":1,"4":1,"5":1,"6":1,"7":1},"b":{"0":[0,7],"1":[0,1],"2":[0,1],"3":[0,1],"4":[0,1],"5":[0,1],"6":[0,1],"7":[0,1],"8":[0,1],"9":[0,1],"10":[0,1],"11":[0,1],"12":[0,1],"13":[0,1],"14":[1,1],"15":[1,0],"16":[0,1],"17":[0,0],"18":[0,0],"19":[0,1],"20":[0,0],"21":[0,0],"22":[0,1],"23":[0,1],"24":[0,1],"25":[1,1]},"_coverageSchema":"1a1c01bbd47fc00a2c39e90264f33305004495a9","hash":"dca48cf1956156e7f8a3afd388a5077ad922bc4a"}
,"/Users/luisferlcc/WebDev/ULSB/React/libroclaro/api/src/controllers/materials.controller.ts": {"path":"/Users/luisferlcc/WebDev/ULSB/React/libroclaro/api/src/controllers/materials.controller.ts","statementMap":{"0":{"start":{"line":2,"column":0},"end":{"line":2,"column":62}},"1":{"start":{"line":3,"column":0},"end":{"line":3,"column":34}},"2":{"start":{"line":4,"column":0},"end":{"line":4,"column":26}},"3":{"start":{"line":5,"column":0},"end":{"line":5,"column":24}},"4":{"start":{"line":6,"column":0},"end":{"line":6,"column":24}},"5":{"start":{"line":7,"column":0},"end":{"line":7,"column":24}},"6":{"start":{"line":8,"column":14},"end":{"line":8,"column":28}},"7":{"start":{"line":9,"column":17},"end":{"line":9,"column":42}},"8":{"start":{"line":10,"column":17},"end":{"line":10,"column":44}},"9":{"start":{"line":11,"column":20},"end":{"line":11,"column":49}},"10":{"start":{"line":12,"column":32},"end":{"line":12,"column":74}},"11":{"start":{"line":13,"column":17},"end":{"line":13,"column":44}},"12":{"start":{"line":14,"column":21},"end":{"line":19,"column":2}},"13":{"start":{"line":20,"column":21},"end":{"line":20,"column":43}},"14":{"start":{"line":22,"column":4},"end":{"line":23,"column":51}},"15":{"start":{"line":23,"column":8},"end":{"line":23,"column":51}},"16":{"start":{"line":24,"column":4},"end":{"line":25,"column":15}},"17":{"start":{"line":25,"column":8},"end":{"line":25,"column":15}},"18":{"start":{"line":26,"column":4},"end":{"line":30,"column":5}},"19":{"start":{"line":28,"column":8},"end":{"line":28,"column":114}},"20":{"start":{"line":29,"column":8},"end":{"line":29,"column":121}},"21":{"start":{"line":33,"column":4},"end":{"line":34,"column":51}},"22":{"start":{"line":34,"column":8},"end":{"line":34,"column":51}},"23":{"start":{"line":35,"column":23},"end":{"line":35,"column":33}},"24":{"start":{"line":36,"column":17},"end":{"line":36,"column":68}},"25":{"start":{"line":37,"column":17},"end":{"line":37,"column":81}},"26":{"start":{"line":38,"column":4},"end":{"line":40,"column":5}},"27":{"start":{"line":39,"column":8},"end":{"line":39,"column":68}},"28":{"start":{"line":41,"column":19},"end":{"line":41,"column":29}},"29":{"start":{"line":42,"column":4},"end":{"line":45,"column":5}},"30":{"start":{"line":43,"column":8},"end":{"line":43,"column":41}},"31":{"start":{"line":44,"column":8},"end":{"line":44,"column":39}},"32":{"start":{"line":47,"column":20},"end":{"line":47,"column":118}},"33":{"start":{"line":48,"column":18},"end":{"line":48,"column":104}},"34":{"start":{"line":49,"column":20},"end":{"line":54,"column":6}},"35":{"start":{"line":50,"column":21},"end":{"line":50,"column":72}},"36":{"start":{"line":51,"column":8},"end":{"line":52,"column":65}},"37":{"start":{"line":52,"column":12},"end":{"line":52,"column":65}},"38":{"start":{"line":53,"column":8},"end":{"line":53,"column":20}},"39":{"start":{"line":55,"column":4},"end":{"line":55,"column":37}},"40":{"start":{"line":58,"column":4},"end":{"line":58,"column":30}},"41":{"start":{"line":59,"column":16},"end":{"line":59,"column":91}},"42":{"start":{"line":60,"column":4},"end":{"line":61,"column":71}},"43":{"start":{"line":61,"column":8},"end":{"line":61,"column":71}},"44":{"start":{"line":62,"column":4},"end":{"line":62,"column":80}},"45":{"start":{"line":65,"column":4},"end":{"line":66,"column":51}},"46":{"start":{"line":66,"column":8},"end":{"line":66,"column":51}},"47":{"start":{"line":67,"column":17},"end":{"line":67,"column":45}},"48":{"start":{"line":68,"column":4},"end":{"line":70,"column":5}},"49":{"start":{"line":69,"column":8},"end":{"line":69,"column":89}},"50":{"start":{"line":71,"column":17},"end":{"line":71,"column":92}},"51":{"start":{"line":72,"column":4},"end":{"line":73,"column":68}},"52":{"start":{"line":73,"column":8},"end":{"line":73,"column":68}},"53":{"start":{"line":74,"column":16},"end":{"line":78,"column":6}},"54":{"start":{"line":80,"column":4},"end":{"line":80,"column":148}},"55":{"start":{"line":81,"column":4},"end":{"line":81,"column":92}},"56":{"start":{"line":84,"column":17},"end":{"line":84,"column":45}},"57":{"start":{"line":85,"column":4},"end":{"line":87,"column":5}},"58":{"start":{"line":86,"column":8},"end":{"line":86,"column":89}},"59":{"start":{"line":88,"column":16},"end":{"line":88,"column":121}},"60":{"start":{"line":89,"column":4},"end":{"line":90,"column":71}},"61":{"start":{"line":90,"column":8},"end":{"line":90,"column":71}},"62":{"start":{"line":91,"column":4},"end":{"line":91,"column":80}},"63":{"start":{"line":94,"column":16},"end":{"line":94,"column":100}},"64":{"start":{"line":95,"column":4},"end":{"line":96,"column":71}},"65":{"start":{"line":96,"column":8},"end":{"line":96,"column":71}},"66":{"start":{"line":97,"column":4},"end":{"line":97,"column":26}}},"fnMap":{"0":{"name":"ensureMaterialAccess","decl":{"start":{"line":21,"column":9},"end":{"line":21,"column":29}},"loc":{"start":{"line":21,"column":35},"end":{"line":31,"column":1}},"line":21},"1":{"name":"listForBook","decl":{"start":{"line":32,"column":15},"end":{"line":32,"column":26}},"loc":{"start":{"line":32,"column":37},"end":{"line":56,"column":1}},"line":32},"2":{"name":"(anonymous_2)","decl":{"start":{"line":49,"column":30},"end":{"line":49,"column":31}},"loc":{"start":{"line":49,"column":39},"end":{"line":54,"column":5}},"line":49},"3":{"name":"getById","decl":{"start":{"line":57,"column":15},"end":{"line":57,"column":22}},"loc":{"start":{"line":57,"column":33},"end":{"line":63,"column":1}},"line":57},"4":{"name":"create","decl":{"start":{"line":64,"column":15},"end":{"line":64,"column":21}},"loc":{"start":{"line":64,"column":32},"end":{"line":82,"column":1}},"line":64},"5":{"name":"update","decl":{"start":{"line":83,"column":15},"end":{"line":83,"column":21}},"loc":{"start":{"line":83,"column":32},"end":{"line":92,"column":1}},"line":83},"6":{"name":"remove","decl":{"start":{"line":93,"column":15},"end":{"line":93,"column":21}},"loc":{"start":{"line":93,"column":32},"end":{"line":98,"column":1}},"line":93}},"branchMap":{"0":{"loc":{"start":{"line":22,"column":4},"end":{"line":23,"column":51}},"type":"if","locations":[{"start":{"line":22,"column":4},"end":{"line":23,"column":51}},{"start":{},"end":{}}],"line":22},"1":{"loc":{"start":{"line":24,"column":4},"end":{"line":25,"column":15}},"type":"if","locations":[{"start":{"line":24,"column":4},"end":{"line":25,"column":15}},{"start":{},"end":{}}],"line":24},"2":{"loc":{"start":{"line":26,"column":4},"end":{"line":30,"column":5}},"type":"if","locations":[{"start":{"line":26,"column":4},"end":{"line":30,"column":5}},{"start":{},"end":{}}],"line":26},"3":{"loc":{"start":{"line":33,"column":4},"end":{"line":34,"column":51}},"type":"if","locations":[{"start":{"line":33,"column":4},"end":{"line":34,"column":51}},{"start":{},"end":{}}],"line":33},"4":{"loc":{"start":{"line":36,"column":17},"end":{"line":36,"column":68}},"type":"cond-expr","locations":[{"start":{"line":36,"column":34},"end":{"line":36,"column":56}},{"start":{"line":36,"column":59},"end":{"line":36,"column":68}}],"line":36},"5":{"loc":{"start":{"line":38,"column":4},"end":{"line":40,"column":5}},"type":"if","locations":[{"start":{"line":38,"column":4},"end":{"line":40,"column":5}},{"start":{},"end":{}}],"line":38},"6":{"loc":{"start":{"line":38,"column":8},"end":{"line":38,"column":76}},"type":"binary-expr","locations":[{"start":{"line":38,"column":8},"end":{"line":38,"column":13}},{"start":{"line":38,"column":18},"end":{"line":38,"column":29}},{"start":{"line":38,"column":33},"end":{"line":38,"column":75}}],"line":38},"7":{"loc":{"start":{"line":42,"column":4},"end":{"line":45,"column":5}},"type":"if","locations":[{"start":{"line":42,"column":4},"end":{"line":45,"column":5}},{"start":{},"end":{}}],"line":42},"8":{"loc":{"start":{"line":47,"column":20},"end":{"line":47,"column":118}},"type":"binary-expr","locations":[{"start":{"line":47,"column":20},"end":{"line":47,"column":62}},{"start":{"line":47,"column":66},"end":{"line":47,"column":118}}],"line":47},"9":{"loc":{"start":{"line":51,"column":8},"end":{"line":52,"column":65}},"type":"if","locations":[{"start":{"line":51,"column":8},"end":{"line":52,"column":65}},{"start":{},"end":{}}],"line":51},"10":{"loc":{"start":{"line":60,"column":4},"end":{"line":61,"column":71}},"type":"if","locations":[{"start":{"line":60,"column":4},"end":{"line":61,"column":71}},{"start":{},"end":{}}],"line":60},"11":{"loc":{"start":{"line":65,"column":4},"end":{"line":66,"column":51}},"type":"if","locations":[{"start":{"line":65,"column":4},"end":{"line":66,"column":51}},{"start":{},"end":{}}],"line":65},"12":{"loc":{"start":{"line":68,"column":4},"end":{"line":70,"column":5}},"type":"if","locations":[{"start":{"line":68,"column":4},"end":{"line":70,"column":5}},{"start":{},"end":{}}],"line":68},"13":{"loc":{"start":{"line":72,"column":4},"end":{"line":73,"column":68}},"type":"if","locations":[{"start":{"line":72,"column":4},"end":{"line":73,"column":68}},{"start":{},"end":{}}],"line":72},"14":{"loc":{"start":{"line":85,"column":4},"end":{"line":87,"column":5}},"type":"if","locations":[{"start":{"line":85,"column":4},"end":{"line":87,"column":5}},{"start":{},"end":{}}],"line":85},"15":{"loc":{"start":{"line":85,"column":8},"end":{"line":85,"column":67}},"type":"binary-expr","locations":[{"start":{"line":85,"column":8},"end":{"line":85,"column":21}},{"start":{"line":85,"column":25},"end":{"line":85,"column":36}},{"start":{"line":85,"column":40},"end":{"line":85,"column":67}}],"line":85},"16":{"loc":{"start":{"line":89,"column":4},"end":{"line":90,"column":71}},"type":"if","locations":[{"start":{"line":89,"column":4},"end":{"line":90,"column":71}},{"start":{},"end":{}}],"line":89},"17":{"loc":{"start":{"line":95,"column":4},"end":{"line":96,"column":71}},"type":"if","locations":[{"start":{"line":95,"column":4},"end":{"line":96,"column":71}},{"start":{},"end":{}}],"line":95}},"s":{"0":10,"1":10,"2":10,"3":10,"4":10,"5":10,"6":10,"7":10,"8":10,"9":10,"10":10,"11":10,"12":10,"13":10,"14":2,"15":0,"16":2,"17":1,"18":1,"19":1,"20":1,"21":3,"22":0,"23":3,"24":3,"25":3,"26":3,"27":0,"28":3,"29":3,"30":1,"31":1,"32":3,"33":3,"34":3,"35":3,"36":3,"37":1,"38":2,"39":3,"40":2,"41":1,"42":1,"43":0,"44":1,"45":2,"46":0,"47":2,"48":2,"49":1,"50":1,"51":1,"52":0,"53":1,"54":1,"55":1,"56":1,"57":1,"58":0,"59":1,"60":1,"61":0,"62":1,"63":1,"64":1,"65":0,"66":1},"f":{"0":2,"1":3,"2":3,"3":2,"4":2,"5":1,"6":1},"b":{"0":[0,2],"1":[1,1],"2":[1,0],"3":[0,3],"4":[1,2],"5":[0,3],"6":[3,3,0],"7":[1,2],"8":[3,2],"9":[1,2],"10":[0,1],"11":[0,2],"12":[1,1],"13":[0,1],"14":[0,1],"15":[1,0,0],"16":[0,1],"17":[0,1]},"_coverageSchema":"1a1c01bbd47fc00a2c39e90264f33305004495a9","hash":"53da72192bf95144d32d30d8df258670d0793d11"}
,"/Users/luisferlcc/WebDev/ULSB/React/libroclaro/api/src/controllers/subscriptions.controller.ts": {"path":"/Users/luisferlcc/WebDev/ULSB/React/libroclaro/api/src/controllers/subscriptions.controller.ts","statementMap":{"0":{"start":{"line":2,"column":0},"end":{"line":2,"column":62}},"1":{"start":{"line":3,"column":0},"end":{"line":3,"column":30}},"2":{"start":{"line":4,"column":0},"end":{"line":4,"column":30}},"3":{"start":{"line":5,"column":0},"end":{"line":5,"column":36}},"4":{"start":{"line":6,"column":14},"end":{"line":6,"column":28}},"5":{"start":{"line":7,"column":17},"end":{"line":7,"column":42}},"6":{"start":{"line":8,"column":17},"end":{"line":8,"column":44}},"7":{"start":{"line":9,"column":20},"end":{"line":9,"column":49}},"8":{"start":{"line":10,"column":22},"end":{"line":10,"column":53}},"9":{"start":{"line":11,"column":24},"end":{"line":11,"column":60}},"10":{"start":{"line":12,"column":17},"end":{"line":12,"column":44}},"11":{"start":{"line":13,"column":20},"end":{"line":17,"column":1}},"12":{"start":{"line":18,"column":24},"end":{"line":25,"column":2}},"13":{"start":{"line":27,"column":4},"end":{"line":28,"column":51}},"14":{"start":{"line":28,"column":8},"end":{"line":28,"column":51}},"15":{"start":{"line":29,"column":18},"end":{"line":29,"column":91}},"16":{"start":{"line":30,"column":4},"end":{"line":36,"column":7}},"17":{"start":{"line":39,"column":4},"end":{"line":40,"column":51}},"18":{"start":{"line":40,"column":8},"end":{"line":40,"column":51}},"19":{"start":{"line":41,"column":17},"end":{"line":41,"column":48}},"20":{"start":{"line":42,"column":17},"end":{"line":42,"column":26}},"21":{"start":{"line":43,"column":17},"end":{"line":43,"column":86}},"22":{"start":{"line":44,"column":4},"end":{"line":45,"column":70}},"23":{"start":{"line":45,"column":8},"end":{"line":45,"column":70}},"24":{"start":{"line":46,"column":4},"end":{"line":50,"column":5}},"25":{"start":{"line":48,"column":8},"end":{"line":48,"column":90}},"26":{"start":{"line":49,"column":8},"end":{"line":49,"column":97}},"27":{"start":{"line":52,"column":4},"end":{"line":56,"column":5}},"28":{"start":{"line":53,"column":8},"end":{"line":55,"column":9}},"29":{"start":{"line":54,"column":12},"end":{"line":54,"column":83}},"30":{"start":{"line":58,"column":4},"end":{"line":65,"column":5}},"31":{"start":{"line":59,"column":8},"end":{"line":61,"column":9}},"32":{"start":{"line":60,"column":12},"end":{"line":60,"column":84}},"33":{"start":{"line":62,"column":8},"end":{"line":64,"column":9}},"34":{"start":{"line":63,"column":12},"end":{"line":63,"column":101}},"35":{"start":{"line":66,"column":4},"end":{"line":68,"column":5}},"36":{"start":{"line":67,"column":8},"end":{"line":67,"column":129}},"37":{"start":{"line":69,"column":16},"end":{"line":69,"column":26}},"38":{"start":{"line":70,"column":22},"end":{"line":70,"column":35}},"39":{"start":{"line":71,"column":4},"end":{"line":71,"column":49}},"40":{"start":{"line":72,"column":18},"end":{"line":72,"column":52}},"41":{"start":{"line":73,"column":19},"end":{"line":126,"column":6}},"42":{"start":{"line":74,"column":26},"end":{"line":74,"column":30}},"43":{"start":{"line":75,"column":26},"end":{"line":75,"column":30}},"44":{"start":{"line":76,"column":8},"end":{"line":111,"column":9}},"45":{"start":{"line":77,"column":12},"end":{"line":79,"column":15}},"46":{"start":{"line":80,"column":12},"end":{"line":87,"column":15}},"47":{"start":{"line":89,"column":13},"end":{"line":111,"column":9}},"48":{"start":{"line":90,"column":12},"end":{"line":93,"column":15}},"49":{"start":{"line":97,"column":12},"end":{"line":106,"column":13}},"50":{"start":{"line":98,"column":29},"end":{"line":98,"column":93}},"51":{"start":{"line":99,"column":16},"end":{"line":105,"column":17}},"52":{"start":{"line":100,"column":20},"end":{"line":103,"column":23}},"53":{"start":{"line":104,"column":20},"end":{"line":104,"column":76}},"54":{"start":{"line":107,"column":12},"end":{"line":110,"column":15}},"55":{"start":{"line":112,"column":24},"end":{"line":124,"column":14}},"56":{"start":{"line":125,"column":8},"end":{"line":125,"column":59}},"57":{"start":{"line":128,"column":4},"end":{"line":128,"column":119}},"58":{"start":{"line":129,"column":4},"end":{"line":133,"column":7}},"59":{"start":{"line":136,"column":4},"end":{"line":137,"column":51}},"60":{"start":{"line":137,"column":8},"end":{"line":137,"column":51}},"61":{"start":{"line":138,"column":21},"end":{"line":141,"column":6}},"62":{"start":{"line":142,"column":4},"end":{"line":142,"column":73}}},"fnMap":{"0":{"name":"getStatus","decl":{"start":{"line":26,"column":15},"end":{"line":26,"column":24}},"loc":{"start":{"line":26,"column":35},"end":{"line":37,"column":1}},"line":26},"1":{"name":"subscribe","decl":{"start":{"line":38,"column":15},"end":{"line":38,"column":24}},"loc":{"start":{"line":38,"column":35},"end":{"line":134,"column":1}},"line":38},"2":{"name":"(anonymous_2)","decl":{"start":{"line":73,"column":54},"end":{"line":73,"column":55}},"loc":{"start":{"line":73,"column":68},"end":{"line":126,"column":5}},"line":73},"3":{"name":"listInvoices","decl":{"start":{"line":135,"column":15},"end":{"line":135,"column":27}},"loc":{"start":{"line":135,"column":38},"end":{"line":143,"column":1}},"line":135}},"branchMap":{"0":{"loc":{"start":{"line":27,"column":4},"end":{"line":28,"column":51}},"type":"if","locations":[{"start":{"line":27,"column":4},"end":{"line":28,"column":51}},{"start":{},"end":{}}],"line":27},"1":{"loc":{"start":{"line":39,"column":4},"end":{"line":40,"column":51}},"type":"if","locations":[{"start":{"line":39,"column":4},"end":{"line":40,"column":51}},{"start":{},"end":{}}],"line":39},"2":{"loc":{"start":{"line":44,"column":4},"end":{"line":45,"column":70}},"type":"if","locations":[{"start":{"line":44,"column":4},"end":{"line":45,"column":70}},{"start":{},"end":{}}],"line":44},"3":{"loc":{"start":{"line":46,"column":4},"end":{"line":50,"column":5}},"type":"if","locations":[{"start":{"line":46,"column":4},"end":{"line":50,"column":5}},{"start":{},"end":{}}],"line":46},"4":{"loc":{"start":{"line":52,"column":4},"end":{"line":56,"column":5}},"type":"if","locations":[{"start":{"line":52,"column":4},"end":{"line":56,"column":5}},{"start":{},"end":{}}],"line":52},"5":{"loc":{"start":{"line":53,"column":8},"end":{"line":55,"column":9}},"type":"if","locations":[{"start":{"line":53,"colu
[...]
"start":{"line":20,"column":18},"end":{"line":24,"column":9}},"type":"binary-expr","locations":[{"start":{"line":20,"column":18},"end":{"line":20,"column":44}},{"start":{"line":20,"column":48},"end":{"line":24,"column":9}}],"line":20},"12":{"loc":{"start":{"line":22,"column":29},"end":{"line":22,"column":95}},"type":"if","locations":[{"start":{"line":22,"column":29},"end":{"line":22,"column":95}},{"start":{},"end":{}}],"line":22},"13":{"loc":{"start":{"line":28,"column":8},"end":{"line":28,"column":46}},"type":"if","locations":[{"start":{"line":28,"column":8},"end":{"line":28,"column":46}},{"start":{},"end":{}}],"line":28},"14":{"loc":{"start":{"line":28,"column":12},"end":{"line":28,"column":33}},"type":"binary-expr","locations":[{"start":{"line":28,"column":12},"end":{"line":28,"column":15}},{"start":{"line":28,"column":19},"end":{"line":28,"column":33}}],"line":28},"15":{"loc":{"start":{"line":30,"column":8},"end":{"line":30,"column":137}},"type":"if","locations":[{"start":{"line":30,"column":8},"end":{"line":30,"column":137}},{"start":{},"end":{}}],"line":30},"16":{"loc":{"start":{"line":30,"column":78},"end":{"line":30,"column":137}},"type":"if","locations":[{"start":{"line":30,"column":78},"end":{"line":30,"column":137}},{"start":{},"end":{}}],"line":30},"17":{"loc":{"start":{"line":35,"column":22},"end":{"line":37,"column":1}},"type":"binary-expr","locations":[{"start":{"line":35,"column":23},"end":{"line":35,"column":27}},{"start":{"line":35,"column":31},"end":{"line":35,"column":51}},{"start":{"line":35,"column":56},"end":{"line":37,"column":1}}],"line":35},"18":{"loc":{"start":{"line":36,"column":11},"end":{"line":36,"column":61}},"type":"cond-expr","locations":[{"start":{"line":36,"column":37},"end":{"line":36,"column":40}},{"start":{"line":36,"column":43},"end":{"line":36,"column":61}}],"line":36},"19":{"loc":{"start":{"line":36,"column":12},"end":{"line":36,"column":33}},"type":"binary-expr","locations":[{"start":{"line":36,"column":12},"end":{"line":36,"column":15}},{"start":{"line":36,"column":19},"end":{"line":36,"column":33}}],"line":36},"20":{"loc":{"start":{"line":72,"column":8},"end":{"line":73,"column":55}},"type":"if","locations":[{"start":{"line":72,"column":8},"end":{"line":73,"column":55}},{"start":{},"end":{}}],"line":72},"21":{"loc":{"start":{"line":119,"column":51},"end":{"line":119,"column":98}},"type":"cond-expr","locations":[{"start":{"line":119,"column":71},"end":{"line":119,"column":80}},{"start":{"line":119,"column":83},"end":{"line":119,"column":98}}],"line":119},"22":{"loc":{"start":{"line":123,"column":8},"end":{"line":124,"column":19}},"type":"if","locations":[{"start":{"line":123,"column":8},"end":{"line":124,"column":19}},{"start":{},"end":{}}],"line":123},"23":{"loc":{"start":{"line":126,"column":22},"end":{"line":126,"column":120}},"type":"cond-expr","locations":[{"start":{"line":126,"column":45},"end":{"line":126,"column":81}},{"start":{"line":126,"column":84},"end":{"line":126,"column":120}}],"line":126},"24":{"loc":{"start":{"line":148,"column":4},"end":{"line":181,"column":5}},"type":"if","locations":[{"start":{"line":148,"column":4},"end":{"line":181,"column":5}},{"start":{},"end":{}}],"line":148},"25":{"loc":{"start":{"line":176,"column":64},"end":{"line":176,"column":112}},"type":"cond-expr","locations":[{"start":{"line":176,"column":87},"end":{"line":176,"column":94}},{"start":{"line":176,"column":97},"end":{"line":176,"column":112}}],"line":176}},"s":{"0":11,"1":12,"2":12,"3":12,"4":12,"5":12,"6":4,"7":12,"8":0,"9":0,"10":0,"11":11,"12":4,"13":0,"14":11,"15":11,"16":2,"17":0,"18":0,"19":0,"20":0,"21":0,"22":2,"23":11,"24":4,"25":0,"26":4,"27":4,"28":4,"29":4,"30":4,"31":12,"32":12,"33":4,"34":4,"35":11,"36":44,"37":11,"38":11,"39":11,"40":11,"41":11,"42":11,"43":11,"44":11,"45":11,"46":11,"47":11,"48":6,"49":6,"50":6,"51":4,"52":4,"53":4,"54":4,"55":4,"56":4,"57":4,"58":4,"59":0,"60":4,"61":4,"62":0,"63":0,"64":0,"65":0,"66":0,"67":3,"68":3,"69":3,"70":3,"71":3,"72":3,"73":1,"74":3,"75":3,"76":3,"77":3,"78":0,"79":3,"80":3,"81":3,"82":3,"83":3,"84":3,"85":3,"86":3,"87":3,"88":2,"89":2,"90":2,"91":2,"92":2,"93":2,"94":2,"95":2,"96":2,"97":6,"98":0,"99":0,"100":2,"101":3,"102":3,"103":3,"104":3,"105":3,"106":3,"107":3},"f":{"0":12,"1":4,"2":0,"3":4,"4":0,"5":11,"6":2,"7":0,"8":4,"9":44,"10":6,"11":4,"12":4,"13":0,"14":3,"15":1,"16":3,"17":2,"18":6,"19":0,"20":3},"b":{"0":[11,11,11],"1":[11,0],"2":[12,0],"3":[12,0],"4":[12,12],"5":[0,12],"6":[12,0],"7":[0,0],"8":[11,11,11],"9":[11,0],"10":[11,11,11],"11":[2,0],"12":[0,0],"13":[0,4],"14":[4,4],"15":[4,0],"16":[12,0],"17":[11,11,11],"18":[0,44],"19":[44,44],"20":[0,4],"21":[0,1],"22":[0,3],"23":[2,1],"24":[2,1],"25":[2,1]},"_coverageSchema":"1a1c01bbd47fc00a2c39e90264f33305004495a9","hash":"6269d46a086cf99d5ff530eed1bc4cd15b65f4bd"}
,"/Users/luisferlcc/WebDev/ULSB/React/libroclaro/api/src/services/quota.service.ts": {"path":"/Users/luisferlcc/WebDev/ULSB/React/libroclaro/api/src/services/quota.service.ts","statementMap":{"0":{"start":{"line":2,"column":0},"end":{"line":2,"column":62}},"1":{"start":{"line":3,"column":0},"end":{"line":3,"column":47}},"2":{"start":{"line":4,"column":0},"end":{"line":4,"column":48}},"3":{"start":{"line":5,"column":0},"end":{"line":5,"column":54}},"4":{"start":{"line":6,"column":17},"end":{"line":6,"column":42}},"5":{"start":{"line":7,"column":17},"end":{"line":7,"column":44}},"6":{"start":{"line":8,"column":20},"end":{"line":8,"column":49}},"7":{"start":{"line":9,"column":17},"end":{"line":9,"column":44}},"8":{"start":{"line":10,"column":0},"end":{"line":10,"column":43}},"9":{"start":{"line":12,"column":4},"end":{"line":12,"column":60}},"10":{"start":{"line":15,"column":4},"end":{"line":17,"column":5}},"11":{"start":{"line":16,"column":8},"end":{"line":16,"column":82}},"12":{"start":{"line":18,"column":17},"end":{"line":20,"column":6}},"13":{"start":{"line":21,"column":4},"end":{"line":26,"column":6}},"14":{"start":{"line":33,"column":4},"end":{"line":35,"column":5}},"15":{"start":{"line":34,"column":8},"end":{"line":34,"column":82}},"16":{"start":{"line":36,"column":23},"end":{"line":36,"column":37}},"17":{"start":{"line":37,"column":20},"end":{"line":39,"column":6}},"18":{"start":{"line":40,"column":4},"end":{"line":50,"column":5}},"19":{"start":{"line":41,"column":26},"end":{"line":43,"column":10}},"20":{"start":{"line":44,"column":8},"end":{"line":48,"column":9}},"21":{"start":{"line":46,"column":12},"end":{"line":46,"column":157}},"22":{"start":{"line":47,"column":12},"end":{"line":47,"column":203}},"23":{"start":{"line":49,"column":8},"end":{"line":49,"column":88}},"24":{"start":{"line":51,"column":4},"end":{"line":51,"column":44}}},"fnMap":{"0":{"name":"startOfMonth","decl":{"start":{"line":11,"column":9},"end":{"line":11,"column":21}},"loc":{"start":{"line":11,"column":41},"end":{"line":13,"column":1}},"line":11},"1":{"name":"getAnnotationQuota","decl":{"start":{"line":14,"column":15},"end":{"line":14,"column":33}},"loc":{"start":{"line":14,"column":48},"end":{"line":27,"column":1}},"line":14},"2":{"name":"consumeAnnotationView","decl":{"start":{"line":32,"column":15},"end":{"line":32,"column":36}},"loc":{"start":{"line":32,"column":65},"end":{"line":52,"column":1}},"line":32}},"branchMap":{"0":{"loc":{"start":{"line":11,"column":22},"end":{"line":11,"column":39}},"type":"default-arg","locations":[{"start":{"line":11,"column":29},"end":{"line":11,"column":39}}],"line":11},"1":{"loc":{"start":{"line":15,"column":4},"end":{"line":17,"column":5}},"type":"if","locations":[{"start":{"line":15,"column":4},"end":{"line":17,"column":5}},{"start":{},"end":{}}],"line":15},"2":{"loc":{"start":{"line":33,"column":4},"end":{"line":35,"column":5}},"type":"if","locations":[{"start":{"line":33,"column":4},"end":{"line":35,"column":5}},{"start":{},"end":{}}],"line":33},"3":{"loc":{"start":{"line":40,"column":4},"end":{"line":50,"column":5}},"type":"if","locations":[{"start":{"line":40,"column":4},"end":{"line":50,"column":5}},{"start":{},"end":{}}],"line":40},"4":{"loc":{"start":{"line":44,"column":8},"end":{"line":48,"column":9}},"type":"if","locations":[{"start":{"line":44,"column":8},"end":{"line":48,"column":9}},{"start":{},"end":{}}],"line":44}},"s":{"0":11,"1":11,"2":11,"3":11,"4":11,"5":11,"6":11,"7":11,"8":11,"9":74,"10":51,"11":3,"12":48,"13":48,"14":27,"15":1,"16":26,"17":26,"18":26,"19":25,"20":25,"21":3,"22":3,"23":22,"24":23},"f":{"0":74,"1":51,"2":27},"b":{"0":[74],"1":[3,48],"2":[1,26],"3":[25,1],"4":[3,22]},"_coverageSchema":"1a1c01bbd47fc00a2c39e90264f33305004495a9","hash":"3fd7bfe3b9109115de297ba88d49a5b39453c606"}
,"/Users/luisferlcc/WebDev/ULSB/React/libroclaro/api/src/services/storage.service.ts": {"path":"/Users/luisferlcc/WebDev/ULSB/React/libroclaro/api/src/services/storage.service.ts","statementMap":{"0":{"start":{"line":2,"column":22},"end":{"line":4,"column":1}},"1":{"start":{"line":3,"column":4},"end":{"line":3,"column":62}},"2":{"start":{"line":5,"column":0},"end":{"line":5,"column":62}},"3":{"start":{"line":6,"column":0},"end":{"line":6,"column":95}},"4":{"start":{"line":7,"column":0},"end":{"line":7,"column":46}},"5":{"start":{"line":8,"column":0},"end":{"line":8,"column":34}},"6":{"start":{"line":9,"column":0},"end":{"line":9,"column":38}},"7":{"start":{"line":10,"column":0},"end":{"line":10,"column":46}},"8":{"start":{"line":11,"column":0},"end":{"line":11,"column":32}},"9":{"start":{"line":12,"column":19},"end":{"line":12,"column":58}},"10":{"start":{"line":13,"column":15},"end":{"line":13,"column":47}},"11":{"start":{"line":14,"column":14},"end":{"line":14,"column":38}},"12":{"start":{"line":15,"column":0},"end":{"line":15,"column":84}},"13":{"start":{"line":16,"column":0},"end":{"line":16,"column":71}},"14":{"start":{"line":17,"column":0},"end":{"line":17,"column":73}},"15":{"start":{"line":18,"column":0},"end":{"line":18,"column":79}},"16":{"start":{"line":20,"column":4},"end":{"line":24,"column":7}},"17":{"start":{"line":27,"column":4},"end":{"line":27,"column":67}},"18":{"start":{"line":30,"column":4},"end":{"line":30,"column":68}},"19":{"start":{"line":33,"column":4},"end":{"line":33,"column":71}},"20":{"start":{"line":36,"column":4},"end":{"line":42,"column":5}},"21":{"start":{"line":37,"column":8},"end":{"line":37,"column":50}},"22":{"start":{"line":40,"column":8},"end":{"line":41,"column":22}},"23":{"start":{"line":41,"column":12},"end":{"line":41,"column":22}}},"fnMap":{"0":{"name":"(anonymous_0)","decl":{"start":{"line":2,"column":56},"end":{"line":2,"column":57}},"loc":{"start":{"line":2,"column":71},"end":{"line":4,"column":1}},"line":2},"1":{"name":"ensureStorageDirs","decl":{"start":{"line":19,"column":15},"end":{"line":19,"column":32}},"loc":{"start":{"line":19,"column":35},"end":{"line":25,"column":1}},"line":19},"2":{"name":"bookPdfPath","decl":{"start":{"line":26,"column":9},"end":{"line":26,"column":20}},"loc":{"start":{"line":26,"column":29},"end":{"line":28,"column":1}},"line":26},"3":{"name":"bookCoverPath","decl":{"start":{"line":29,"column":9},"end":{"line":29,"column":22}},"loc":{"start":{"line":29,"column":31},"end":{"line":31,"column":1}},"line":29},"4":{"name":"bookAnnotatedPath","decl":{"start":{"line":32,"column":9},"end":{"line":32,"column":26}},"loc":{"start":{"line":32,"column":35},"end":{"line":34,"column":1}},"line":32},"5":{"name":"safeUnlink","decl":{"start":{"line":35,"column":15},"end":{"line":35,"column":25}},"loc":{"start":{"line":35,"column":36},"end":{"line":43,"column":1}},"line":35}},"branchMap":{"0":{"loc":{"start":{"line":2,"column":22},"end":{"line":4,"column":1}},"type":"binary-expr","locations":[{"start":{"line":2,"column":23},"end":{"line":2,"column":27}},{"start":{"line":2,"column":31},"end":{"line":2,"column":51}},{"start":{"line":2,"column":56},"end":{"line":4,"column":1}}],"line":2},"1":{"loc":{"start":{"line":3,"column":11},"end":{"line":3,"column":61}},"type":"cond-expr","locations":[{"start":{"line":3,"column":37},"end":{"line":3,"column":40}},{"start":{"line":3,"column":43},"end":{"line":3,"column":61}}],"line":3},"2":{"loc":{"start":{"line":3,"column":12},"end":{"line":3,"column":33}},"type":"binary-expr","locations":[{"start":{"line":3,"column":12},"end":{"line":3,"column":15}},{"start":{"line":3,"column":19},"end":{"line":3,"column":33}}],"line":3},"3":{"loc":{"start":{"line":40,"column":8},"end":{"line":41,"column":22}},"type":"if","locations":[{"start":{"line":40,"column":8},"end":{"line":41,"column":22}},{"start":{},"end":{}}],"line":40}},"s":{"0":12,"1":24,"2":12,"3":12,"4":12,"5":12,"6":12,"7":12,"8":12,"9":12,"10":12,"11":12,"12":12,"13":12,"14":12,"15":12,"16":12,"17":5,"18":5,"19":7,"20":10,"21":10,"22":9,"23":1},"f":{"0":24,"1":12,"2":5,"3":5,"4":7,"5":10},"b":{"0":[12,12,12],"1":[0,24],"2":[24,24],"3":[1,8]},"_coverageSchema":"1a1c01bbd47fc00a2c39e90264f33305004495a9","hash":"fbc87a5b94d108687bdca14e0388724dab4536ae"}
,"/Users/luisferlcc/WebDev/ULSB/React/libroclaro/api/src/utils/HttpError.ts": {"path":"/Users/luisferlcc/WebDev/ULSB/React/libroclaro/api/src/utils/HttpError.ts","statementMap":{"0":{"start":{"line":2,"column":0},"end":{"line":2,"column":62}},"1":{"start":{"line":3,"column":0},"end":{"line":3,"column":27}},"2":{"start":{"line":8,"column":8},"end":{"line":8,"column":23}},"3":{"start":{"line":9,"column":8},"end":{"line":9,"column":29}},"4":{"start":{"line":10,"column":8},"end":{"line":10,"column":31}},"5":{"start":{"line":13,"column":8},"end":{"line":13,"column":48}},"6":{"start":{"line":16,"column":8},"end":{"line":16,"column":39}},"7":{"start":{"line":19,"column":8},"end":{"line":19,"column":39}},"8":{"start":{"line":22,"column":8},"end":{"line":22,"column":39}},"9":{"start":{"line":25,"column":8},"end":{"line":25,"column":39}},"10":{"start":{"line":28,"column":8},"end":{"line":28,"column":39}},"11":{"start":{"line":31,"column":0},"end":{"line":31,"column":30}}},"fnMap":{"0":{"name":"(anonymous_0)","decl":{"start":{"line":7,"column":4},"end":{"line":7,"column":5}},"loc":{"start":{"line":7,"column":42},"end":{"line":11,"column":5}},"line":7},"1":{"name":"(anonymous_1)","decl":{"start":{"line":12,"column":4},"end":{"line":12,"column":5}},"loc":{"start":{"line":12,"column":59},"end":{"line":14,"column":5}},"line":12},"2":{"name":"(anonymous_2)","decl":{"start":{"line":15,"column":4},"end":{"line":15,"column":5}},"loc":{"start":{"line":15,"column":48},"end":{"line":17,"column":5}},"line":15},"3":{"name":"(anonymous_3)","decl":{"start":{"line":18,"column":4},"end":{"line":18,"column":5}},"loc":{"start":{"line":18,"column":50},"end":{"line":20,"column":5}},"line":18},"4":{"name":"(anonymous_4)","decl":{"start":{"line":21,"column":4},"end":{"line":21,"column":5}},"loc":{"start":{"line":21,"column":51},"end":{"line":23,"column":5}},"line":21},"5":{"name":"(anonymous_5)","decl":{"start":{"line":24,"column":4},"end":{"line":24,"column":5}},"loc":{"start":{"line":24,"column":39},"end":{"line":26,"column":5}},"line":24},"6":{"name":"(anonymous_6)","decl":{"start":{"line":27,"column":4},"end":{"line":27,"column":5}},"loc":{"start":{"line":27,"column":74},"end":{"line":29,"column":5}},"line":27}},"branchMap":{"0":{"loc":{"start":{"line":12,"column":22},"end":{"line":12,"column":48}},"type":"default-arg","locations":[{"start":{"line":12,"column":28},"end":{"line":12,"column":48}}],"line":12},"1":{"loc":{"start":{"line":15,"column":24},"end":{"line":15,"column":46}},"type":"default-arg","locations":[{"start":{"line":15,"column":30},"end":{"line":15,"column":46}}],"line":15},"2":{"loc":{"start":{"line":18,"column":21},"end":{"line":18,"column":48}},"type":"default-arg","locations":[{"start":{"line":18,"column":27},"end":{"line":18,"column":48}}],"line":18},"3":{"loc":{"start":{"line":21,"column":20},"end":{"line":21,"column":49}},"type":"default-arg","locations":[{"start":{"line":21,"column":26},"end":{"line":21,"column":49}}],"line":21},"4":{"loc":{"start":{"line":24,"column":20},"end":{"line":24,"column":37}},"type":"default-arg","locations":[{"start":{"line":24,"column":26},"end":{"line":24,"column":37}}],"line":24},"5":{"loc":{"start":{"line":27,"column":19},"end":{"line":27,"column":72}},"type":"default-arg","locations":[{"start":{"line":27,"column":25},"end":{"line":27,"column":72}}],"line":27}},"s":{"0":14,"1":14,"2":39,"3":39,"4":39,"5":7,"6":11,"7":12,"8":2,"9":2,"10":5,"11":14},"f":{"0":39,"1":7,"2":11,"3":12,"4":2,"5":2,"6":5},"b":{"0":[0],"1":[1],"2":[0],"3":[0],"4":[0],"5":[0]},"_coverageSchema":"1a1c01bbd47fc00a2c39e90264f33305004495a9","hash":"4ba1755b65596a0a5c4079b4f1b86636b4d85c3d"}
,"/Users/luisferlcc/WebDev/ULSB/React/libroclaro/api/src/utils/asyncHandler.ts": {"path":"/Users/luisferlcc/WebDev/ULSB/React/libroclaro/api/src/utils/asyncHandler.ts","statementMap":{"0":{"start":{"line":2,"column":0},"end":{"line":2,"column":62}},"1":{"start":{"line":3,"column":0},"end":{"line":3,"column":30}},"2":{"start":{"line":4,"column":21},"end":{"line":6,"column":1}},"3":{"start":{"line":4,"column":29},"end":{"line":6,"column":1}},"4":{"start":{"line":5,"column":4},"end":{"line":5,"column":52}},"5":{"start":{"line":7,"column":0},"end":{"line":7,"column":36}}},"fnMap":{"0":{"name":"(anonymous_0)","decl":{"start":{"line":4,"column":21},"end":{"line":4,"column":22}},"loc":{"start":{"line":4,"column":29},"end":{"line":6,"column":1}},"line":4},"1":{"name":"(anonymous_1)","decl":{"start":{"line":4,"column":29},"end":{"line":4,"column":30}},"loc":{"start":{"line":4,"column":49},"end":{"line":6,"column":1}},"line":4}},"branchMap":{},"s":{"0":10,"1":10,"2":10,"3":380,"4":86,"5":10},"f":{"0":380,"1":86},"b":{},"_coverageSchema":"1a1c01bbd47fc00a2c39e90264f33305004495a9","hash":"45da1f533d3860dcdacb441c20520461385a9a5f"}
,"/Users/luisferlcc/WebDev/ULSB/React/libroclaro/api/src/utils/serializers.ts": {"path":"/Users/luisferlcc/WebDev/ULSB/React/libroclaro/api/src/utils/serializers.ts","statementMap":{"0":{"start":{"line":2,"column":0},"end":{"line":2,"column":62}},"1":{"start":{"line":3,"column":0},"end":{"line":3,"column":38}},"2":{"start":{"line":4,"column":0},"end":{"line":4,"column":52}},"3":{"start":{"line":5,"column":0},"end":{"line":5,"column":38}},"4":{"start":{"line":6,"column":0},"end":{"line":6,"column":50}},"5":{"start":{"line":7,"column":0},"end":{"line":7,"column":44}},"6":{"start":{"line":9,"column":4},"end":{"line":19,"column":6}},"7":{"start":{"line":22,"column":4},"end":{"line":28,"column":6}},"8":{"start":{"line":31,"column":4},"end":{"line":46,"column":6}},"9":{"start":{"line":49,"column":4},"end":{"line":61,"column":6}},"10":{"start":{"line":64,"column":4},"end":{"line":73,"column":6}}},"fnMap":{"0":{"name":"serializeUser","decl":{"start":{"line":8,"column":9},"end":{"line":8,"column":22}},"loc":{"start":{"line":8,"column":29},"end":{"line":20,"column":1}},"line":8},"1":{"name":"serializeInstitution","decl":{"start":{"line":21,"column":9},"end":{"line":21,"column":29}},"loc":{"start":{"line":21,"column":36},"end":{"line":29,"column":1}},"line":21},"2":{"name":"serializeBook","decl":{"start":{"line":30,"column":9},"end":{"line":30,"column":22}},"loc":{"start":{"line":30,"column":29},"end":{"line":47,"column":1}},"line":30},"3":{"name":"serializeAnnotation","decl":{"start":{"line":48,"column":9},"end":{"line":48,"column":28}},"loc":{"start":{"line":48,"column":32},"end":{"line":62,"column":1}},"line":48},"4":{"name":"serializeInvoice","decl":{"start":{"line":63,"column":9},"end":{"line":63,"column":25}},"loc":{"start":{"line":63,"column":31},"end":{"line":74,"column":1}},"line":63}},"branchMap":{"0":{"loc":{"start":{"line":42,"column":18},"end":{"line":42,"column":71}},"type":"cond-expr","locations":[{"start":{"line":42,"column":35},"end":{"line":42,"column":64}},{"start":{"line":42,"column":67},"end":{"line":42,"column":71}}],"line":42}},"s":{"0":10,"1":10,"2":10,"3":10,"4":10,"5":10,"6":15,"7":3,"8":8,"9":25,"10":4},"f":{"0":15,"1":3,"2":8,"3":25,"4":4},"b":{"0":[3,5]},"_coverageSchema":"1a1c01bbd47fc00a2c39e90264f33305004495a9","hash":"0b4ce6af825c1955d3d3faa85d849a8813ddcee8"}
}
