TN:
SF:src/config/env.ts
FNF:0
FNH:0
DA:2,14
DA:3,14
DA:4,14
DA:5,14
DA:6,14
DA:17,14
DA:18,14
DA:19,0
DA:20,0
DA:22,14
LF:10
LH:8
BRDA:18,0,0,0
BRDA:18,0,1,14
BRF:2
BRH:1
end_of_record
TN:
SF:src/config/logger.ts
FN:2,(anonymous_0)
FN:18,(anonymous_1)
FN:37,(anonymous_2)
FNF:3
FNH:2
FNDA:11,(anonymous_0)
FNDA:0,(anonymous_1)
FNDA:42,(anonymous_2)
DA:2,11
DA:3,11
DA:5,11
DA:6,11
DA:7,11
DA:8,11
DA:9,11
DA:11,0
DA:12,0
DA:17,0
DA:18,0
DA:19,0
DA:20,0
DA:25,0
DA:27,0
DA:32,11
DA:38,42
DA:39,42
DA:40,42
DA:41,42
LF:20
LH:12
BRDA:2,0,0,11
BRDA:2,0,1,11
BRDA:2,0,2,11
BRDA:3,1,0,0
BRDA:3,1,1,11
BRDA:3,2,0,11
BRDA:3,2,1,11
BRDA:9,3,0,0
BRDA:9,3,1,11
BRDA:22,4,0,0
BRDA:22,4,1,0
BRDA:23,5,0,0
BRDA:23,5,1,0
BRDA:33,6,0,0
BRDA:33,6,1,11
BRDA:39,7,0,29
BRDA:39,7,1,13
BRDA:41,8,0,0
BRDA:41,8,1,42
BRF:19
BRH:11
end_of_record
TN:
SF:src/config/mongo.ts
FN:2,(anonymous_0)
FN:12,connectMongo
FNF:2
FNH:2
FNDA:11,(anonymous_0)
FNDA:11,connectMongo
DA:2,11
DA:3,11
DA:5,11
DA:6,11
DA:7,11
DA:8,11
DA:9,11
DA:10,11
DA:11,11
DA:13,11
DA:14,11
DA:15,11
DA:17,11
DA:21,0
DA:22,0
LF:15
LH:13
BRDA:2,0,0,11
BRDA:2,0,1,11
BRDA:2,0,2,11
BRDA:3,1,0,0
BRDA:3,1,1,11
BRDA:3,2,0,11
BRDA:3,2,1,11
BRF:7
BRH:6
end_of_record
TN:
SF:src/config/prisma.ts
FNF:0
FNH:0
DA:2,11
DA:3,11
DA:4,11
DA:5,11
LF:4
LH:4
BRDA:6,0,0,0
BRDA:6,0,1,11
BRF:2
BRH:1
end_of_record
TN:
SF:src/controllers/annotations.controller.ts
FN:26,listForBook
FN:41,(anonymous_1)
FN:47,revealAnnotation
FN:60,createAnnotation
FN:75,updateAnnotation
FN:84,deleteAnnotation
FNF:6
FNH:6
FNDA:1,listForBook
FNDA:1,(anonymous_1)
FNDA:24,revealAnnotation
FNDA:2,createAnnotation
FNDA:1,updateAnnotation
FNDA:1,deleteAnnotation
DA:2,10
DA:3,10
DA:4,10
DA:5,10
DA:6,10
DA:7,10
DA:8,10
DA:9,10
DA:10,10
DA:11,10
DA:12,10
DA:13,10
DA:14,10
DA:15,10
DA:16,10
DA:25,10
DA:27,1
DA:28,0
DA:29,1
DA:30,1
DA:31,1
DA:32,1
DA:33,0
DA:35,1
DA:40,1
DA:41,1
DA:44,1
DA:45,1
DA:48,24
DA:49,0
DA:50,24
DA:51,24
DA:52,1
DA:54,23
DA:55,22
DA:57,22
DA:58,22
DA:61,2
DA:62,0
DA:63,2
DA:64,1
DA:65,1
DA:66,0
DA:67,1
DA:70,1
DA:72,1
DA:73,1
DA:76,1
DA:77,1
DA:81,1
DA:82,1
DA:85,1
DA:86,1
DA:87,0
DA:88,1
DA:89,1
DA:91,1
DA:92,1
LF:58
LH:52
BRDA:27,0,0,0
BRDA:27,0,1,1
BRDA:30,1,0,0
BRDA:30,1,1,1
BRDA:32,2,0,0
BRDA:32,2,1,1
BRDA:32,3,0,1
BRDA:32,3,1,1
BRDA:32,3,2,0
BRDA:36,4,0,0
BRDA:36,4,1,1
BRDA:41,5,0,0
BRDA:41,5,1,1
BRDA:48,6,0,0
BRDA:48,6,1,24
BRDA:51,7,0,1
BRDA:51,7,1,23
BRDA:54,8,0,22
BRDA:54,8,1,1
BRDA:61,9,0,0
BRDA:61,9,1,2
BRDA:65,10,0,0
BRDA:65,10,1,1
BRDA:86,11,0,0
BRDA:86,11,1,1
BRF:25
BRH:15
end_of_record
TN:
SF:src/controllers/auth.controller.ts
FN:15,(anonymous_0)
FN:18,(anonymous_1)
FN:26,register
FN:50,login
FN:68,me
FNF:5
FNH:5
FNDA:4,(anonymous_0)
FNDA:4,(anonymous_1)
FNDA:4,register
FNDA:2,login
FNDA:1,me
DA:2,10
DA:3,10
DA:4,10
DA:5,10
DA:6,10
DA:7,10
DA:8,10
DA:9,10
DA:10,10
DA:11,10
DA:12,10
DA:15,4
DA:18,4
DA:22,10
DA:27,4
DA:28,3
DA:29,3
DA:31,1
DA:32,1
DA:34,2
DA:35,2
DA:36,1
DA:37,1
DA:45,1
DA:47,1
DA:48,1
DA:51,2
DA:52,2
DA:53,2
DA:55,0
DA:56,0
DA:58,2
DA:59,2
DA:60,1
DA:61,1
DA:63,1
DA:65,1
DA:66,1
DA:69,1
DA:70,0
DA:71,1
DA:72,1
DA:73,0
DA:74,1
LF:44
LH:40
BRDA:29,0,0,1
BRDA:29,0,1,2
BRDA:35,1,0,1
BRDA:35,1,1,1
BRDA:53,2,0,0
BRDA:53,2,1,2
BRDA:59,3,0,1
BRDA:59,3,1,1
BRDA:69,4,0,0
BRDA:69,4,1,1
BRDA:72,5,0,0
BRDA:72,5,1,1
BRF:12
BRH:9
end_of_record
TN:
SF:src/controllers/books.controller.ts
FN:2,(anonymous_0)
FN:44,listBooks
FN:74,getBook
FN:88,createBook
FN:135,updateBook
FN:146,deleteBook
FN:164,getBookCover
FN:173,downloadBookPdf
FN:202,(anonymous_8)
FNF:9
FNH:8
FNDA:10,(anonymous_0)
FNDA:3,listBooks
FNDA:2,getBook
FNDA:3,createBook
FNDA:1,updateBook
FNDA:1,deleteBook
FNDA:0,getBookCover
FNDA:3,downloadBookPdf
FNDA:1,(anonymous_8)
DA:2,10
DA:3,10
DA:5,10
DA:6,10
DA:7,10
DA:8,10
DA:9,10
DA:10,10
DA:11,10
DA:12,10
DA:13,10
DA:14,10
DA:15,10
DA:16,10
DA:17,10
DA:18,10
DA:19,10
DA:20,10
DA:21,10
DA:22,10
DA:29,10
DA:37,10
DA:45,3
DA:46,3
DA:47,3
DA:48,3
DA:49,2
DA:50,3
DA:51,0
DA:52,3
DA:53,0
DA:54,3
DA:55,0
DA:56,3
DA:57,1
DA:65,3
DA:71,3
DA:72,3
DA:75,2
DA:79,2
DA:80,0
DA:81,2
DA:83,1
DA:84,1
DA:86,1
DA:89,3
DA:90,0
DA:91,3
DA:92,0
DA:93,3
DA:94,3
DA:98,3
DA:99,0
DA:100,3
DA:101,0
DA:102,3
DA:114,3
DA:115,3
DA:116,3
DA:117,3
DA:118,3
DA:119,3
DA:123,0
DA:125,3
DA:126,3
DA:132,3
DA:133,3
DA:136,1
DA:137,1
DA:143,1
DA:144,1
DA:147,1
DA:148,1
DA:149,0
DA:150,1
DA:151,1
DA:152,1
DA:160,0
DA:162,1
DA:165,0
DA:166,0
DA:167,0
DA:169,0
DA:170,0
DA:171,0
DA:174,3
DA:175,0
DA:176,3
DA:177,3
DA:178,3
DA:179,0
DA:181,3
DA:182,1
DA:183,1
DA:185,2
DA:186,1
DA:188,1
DA:189,1
DA:190,1
DA:191,1
DA:192,0
DA:195,1
DA:197,1
DA:198,1
DA:202,1
DA:212,1
LF:106
LH:86
BRDA:2,0,0,10
BRDA:2,0,1,10
BRDA:2,0,2,10
BRDA:3,1,0,0
BRDA:3,1,1,10
BRDA:3,2,0,10
BRDA:3,2,1,10
BRDA:48,3,0,2
BRDA:48,3,1,1
BRDA:48,4,0,3
BRDA:48,4,1,2
BRDA:50,5,0,0
BRDA:50,5,1,3
BRDA:52,6,0,0
BRDA:52,6,1,3
BRDA:54,7,0,0
BRDA:54,7,1,3
BRDA:56,8,0,1
BRDA:56,8,1,2
BRDA:79,9,0,0
BRDA:79,9,1,2
BRDA:81,10,0,1
BRDA:81,10,1,1
BRDA:81,11,0,2
BRDA:81,11,1,1
BRDA:89,12,0,0
BRDA:89,12,1,3
BRDA:91,13,0,0
BRDA:91,13,1,3
BRDA:98,14,0,0
BRDA:98,14,1,3
BRDA:100,15,0,0
BRDA:100,15,1,3
BRDA:148,16,0,0
BRDA:148,16,1,1
BRDA:166,17,0,0
BRDA:166,17,1,0
BRDA:166,18,0,0
BRDA:166,18,1,0
BRDA:166,18,2,0
BRDA:169,19,0,0
BRDA:169,19,1,0
BRDA:174,20,0,0
BRDA:174,20,1,3
BRDA:178,21,0,0
BRDA:178,21,1,3
BRDA:178,22,0,3
BRDA:178,22,1,3
BRDA:178,22,2,2
BRDA:181,23,0,1
BRDA:181,23,1,2
BRDA:185,24,0,1
BRDA:185,24,1,1
BRDA:185,25,0,2
BRDA:185,25,1,1
BRDA:197,26,0,1
BRDA:197,26,1,0
BRF:57
BRH:37
end_of_record
TN:
SF:src/controllers/catalog.controller.ts
FN:11,listSubjects
FN:15,createSubject
FN:20,listGradeLevels
FN:24,createGradeLevel
FNF:4
FNH:4
FNDA:1,listSubjects
FNDA:1,createSubject
FNDA:1,listGradeLevels
FNDA:1,createGradeLevel
DA:2,10
DA:3,10
DA:4,10
DA:5,10
DA:6,10
DA:7,10
DA:8,10
DA:9,10
DA:10,10
DA:12,1
DA:13,1
DA:16,1
DA:17,1
DA:18,1
DA:21,1
DA:22,1
DA:25,1
DA:26,1
DA:27,1
LF:19
LH:19
BRF:0
BRH:0
end_of_record
TN:
SF:src/controllers/editors.controller.ts
FN:21,createEditor
FN:43,promoteToEditor
FNF:2
FNH:2
FNDA:1,createEditor
FNDA:2,promoteToEditor
DA:2,10
DA:3,10
DA:4,10
DA:5,10
DA:6,10
DA:7,10
DA:8,10
DA:9,10
DA:10,10
DA:11,10
DA:12,10
DA:18,10
DA:22,1
DA:23,1
DA:24,1
DA:25,0
DA:26,1
DA:27,0
DA:28,1
DA:29,1
DA:30,0
DA:31,1
DA:41,1
DA:44,2
DA:45,2
DA:46,2
DA:47,0
DA:48,2
DA:49,1
DA:50,1
DA:51,0
DA:53,1
DA:58,1
DA:59,1
LF:34
LH:29
BRDA:24,0,0,0
BRDA:24,0,1,1
BRDA:26,1,0,0
BRDA:26,1,1,1
BRDA:29,2,0,0
BRDA:29,2,1,1
BRDA:46,3,0,0
BRDA:46,3,1,2
BRDA:48,4,0,1
BRDA:48,4,1,1
BRDA:50,5,0,0
BRDA:50,5,1,1
BRDA:50,6,0,1
BRDA:50,6,1,1
BRF:14
BRH:9
end_of_record
TN:
SF:src/controllers/institutions.controller.ts
FN:35,getAdminInstitution
FN:41,getMine
FN:47,updateMine
FN:55,listMembers
FN:65,createMember
FN:93,addExistingMember
FN:115,updateMember
FN:147,removeMember
FNF:8
FNH:8
FNDA:7,getAdminInstitution
FNDA:1,getMine
FNDA:1,updateMine
FNDA:1,listMembers
FNDA:1,createMember
FNDA:1,addExistingMember
FNDA:1,updateMember
FNDA:1,removeMember
DA:2,10
DA:3,10
DA:4,10
DA:5,10
DA:6,10
DA:7,10
DA:8,10
DA:9,10
DA:10,10
DA:11,10
DA:12,10
DA:13,10
DA:14,10
DA:15,10
DA:16,10
DA:17,10
DA:20,10
DA:26,10
DA:29,10
DA:36,7
DA:37,7
DA:38,0
DA:39,7
DA:42,1
DA:43,0
DA:44,1
DA:45,1
DA:48,1
DA:49,0
DA:50,1
DA:51,1
DA:52,1
DA:53,1
DA:56,1
DA:57,0
DA:58,1
DA:59,1
DA:63,1
DA:66,1
DA:67,0
DA:68,1
DA:69,1
DA:70,1
DA:71,1
DA:72,0
DA:73,1
DA:74,0
DA:75,1
DA:76,1
DA:77,0
DA:78,1
DA:90,1
DA:91,1
DA:94,1
DA:95,0
DA:96,1
DA:97,1
DA:98,1
DA:99,1
DA:100,0
DA:101,1
DA:102,0
DA:104,1
DA:105,0
DA:107,1
DA:112,1
DA:113,1
DA:116,1
DA:117,0
DA:118,1
DA:119,1
DA:120,1
DA:121,1
DA:122,0
DA:124,1
DA:125,1
DA:126,1
DA:127,1
DA:128,1
DA:129,0
DA:130,0
DA:131,0
DA:132,0
DA:134,1
DA:135,0
DA:136,0
DA:137,0
DA:138,0
DA:139,0
DA:140,0
DA:142,1
DA:143,0
DA:144,1
DA:145,1
DA:148,1
DA:149,0
DA:150,1
DA:151,1
DA:152,1
DA:153,1
DA:154,0
DA:156,1
DA:157,1
LF:103
LH:76
BRDA:37,0,0,0
BRDA:37,0,1,7
BRDA:42,1,0,0
BRDA:42,1,1,1
BRDA:48,2,0,0
BRDA:48,2,1,1
BRDA:56,3,0,0
BRDA:56,3,1,1
BRDA:66,4,0,0
BRDA:66,4,1,1
BRDA:71,5,0,0
BRDA:71,5,1,1
BRDA:73,6,0,0
BRDA:73,6,1,1
BRDA:76,7,0,0
BRDA:76,7,1,1
BRDA:94,8,0,0
BRDA:94,8,1,1
BRDA:99,9,0,0
BRDA:99,9,1,1
BRDA:101,10,0,0
BRDA:101,10,1,1
BRDA:104,11,0,0
BRDA:104,11,1,1
BRDA:116,12,0,0
BRDA:116,12,1,1
BRDA:121,13,0,0
BRDA:121,13,1,1
BRDA:121,14,0,1
BRDA:121,14,1,1
BRDA:126,15,0,1
BRDA:126,15,1,0
BRDA:128,16,0,0
BRDA:128,16,1,1
BRDA:130,17,0,0
BRDA:130,17,1,0
BRDA:130,18,0,0
BRDA:130,18,1,0
BRDA:134,19,0,0
BRDA:134,19,1,1
BRDA:136,20,0,0
BRDA:136,20,1,0
BRDA:138,21,0,0
BRDA:138,21,1,0
BRDA:142,22,0,0
BRDA:142,22,1,1
BRDA:148,23,0,0
BRDA:148,23,1,1
BRDA:153,24,0,0
BRDA:153,24,1,1
BRDA:153,25,0,1
BRDA:153,25,1,1
BRF:52
BRH:24
end_of_record
TN:
SF:src/controllers/materials.controller.ts
FN:21,ensureMaterialAccess
FN:32,listForBook
FN:49,(anonymous_2)
FN:57,getById
FN:64,create
FN:83,update
FN:93,remove
FNF:7
FNH:7
FNDA:2,ensureMaterialAccess
FNDA:3,listForBook
FNDA:3,(anonymous_2)
FNDA:2,getById
FNDA:2,create
FNDA:1,update
FNDA:1,remove
DA:2,10
DA:3,10
DA:4,10
DA:5,10
DA:6,10
DA:7,10
DA:8,10
DA:9,10
DA:10,10
DA:11,10
DA:12,10
DA:13,10
DA:14,10
DA:20,10
DA:22,2
DA:23,0
DA:24,2
DA:25,1
DA:26,1
DA:28,1
DA:29,1
DA:33,3
DA:34,0
DA:35,3
DA:36,3
DA:37,3
DA:38,3
DA:39,0
DA:41,3
DA:42,3
DA:43,1
DA:44,1
DA:47,3
DA:48,3
DA:49,3
DA:50,3
DA:51,3
DA:52,1
DA:53,2
DA:55,3
DA:58,2
DA:59,1
DA:60,1
DA:61,0
DA:62,1
DA:65,2
DA:66,0
DA:67,2
DA:68,2
DA:69,1
DA:71,1
DA:72,1
DA:73,0
DA:74,1
DA:80,1
DA:81,1
DA:84,1
DA:85,1
DA:86,0
DA:88,1
DA:89,1
DA:90,0
DA:91,1
DA:94,1
DA:95,1
DA:96,0
DA:97,1
LF:67
LH:58
BRDA:22,0,0,0
BRDA:22,0,1,2
BRDA:24,1,0,1
BRDA:24,1,1,1
BRDA:26,2,0,1
BRDA:26,2,1,0
BRDA:33,3,0,0
BRDA:33,3,1,3
BRDA:36,4,0,1
BRDA:36,4,1,2
BRDA:38,5,0,0
BRDA:38,5,1,3
BRDA:38,6,0,3
BRDA:38,6,1,3
BRDA:38,6,2,0
BRDA:42,7,0,1
BRDA:42,7,1,2
BRDA:47,8,0,3
BRDA:47,8,1,2
BRDA:51,9,0,1
BRDA:51,9,1,2
BRDA:60,10,0,0
BRDA:60,10,1,1
BRDA:65,11,0,0
BRDA:65,11,1,2
BRDA:68,12,0,1
BRDA:68,12,1,1
BRDA:72,13,0,0
BRDA:72,13,1,1
BRDA:85,14,0,0
BRDA:85,14,1,1
BRDA:85,15,0,1
BRDA:85,15,1,0
BRDA:85,15,2,0
BRDA:89,16,0,0
BRDA:89,16,1,1
BRDA:95,17,0,0
BRDA:95,17,1,1
BRF:38
BRH:25
end_of_record
TN:
SF:src/controllers/subscriptions.controller.ts
FN:26,getStatus
FN:38,subscribe
FN:73,(anonymous_2)
FN:135,listInvoices
FNF:4
FNH:4
FNDA:1,getStatus
FNDA:5,subscribe
FNDA:3,(anonymous_2)
FNDA:1,listInvoices
DA:2,10
DA:3,10
DA:4,10
DA:5,10
DA:6,10
DA:7,10
DA:8,10
DA:9,10
DA:10,10
DA:11,10
DA:12,10
DA:13,10
DA:18,10
DA:27,1
DA:28,0
DA:29,1
DA:30,1
DA:39,5
DA:40,0
DA:41,5
DA:42,5
DA:43,5
DA:44,5
DA:45,0
DA:46,5
DA:48,1
DA:49,1
DA:52,4
DA:53,4
DA:54,1
DA:58,3
DA:59,1
DA:60,0
DA:62,1
DA:63,0
DA:66,3
DA:67,0
DA:69,3
DA:70,3
DA:71,3
DA:72,3
DA:73,3
DA:74,3
DA:75,3
DA:76,3
DA:77,1
DA:80,1
DA:89,2
DA:90,2
DA:97,0
DA:98,0
DA:99,0
DA:100,0
DA:104,0
DA:107,0
DA:112,3
DA:125,3
DA:128,3
DA:129,3
DA:136,1
DA:137,0
DA:138,1
DA:142,1
LF:63
LH:50
BRDA:27,0,0,0
BRDA:27,0,1,1
BRDA:39,1,0,0
BRDA:39,1,1,5
BRDA:44,2,0,0
BRDA:44,2,1,5
BRDA:46,3,0,1
BRDA:46,3,1,4
BRDA:52,4,0,4
BRDA:52,4,1,0
BRDA:53,5,0,1
BRDA:53,5,1,3
BRDA:53,6,0,4
BRDA:53,6,1,3
BRDA:53,6,2,3
BRDA:53,6,3,3
BRDA:58,7,0,1
BRDA:58,7,1,2
BRDA:59,8,0,0
BRDA:59,8,1,1
BRDA:62,9,0,0
BRDA:62,9,1,1
BRDA:66,10,0,0
BRDA:66,10,1,3
BRDA:66,11,0,3
BRDA:66,11,1,0
BRDA:72,12,0,3
BRDA:72,12,1,0
BRDA:76,13,0,1
BRDA:76,13,1,2
BRDA:89,14,0,2
BRDA:89,14,1,0
BRDA:97,15,0,0
BRDA:97,15,1,0
BRDA:99,16,0,0
BRDA:99,16,1,0
BRDA:112,17,0,0
BRDA:112,17,1,3
BRDA:117,18,0,3
BRDA:117,18,1,2
BRDA:131,19,0,1
BRDA:131,19,1,2
BRDA:132,20,0,3
BRDA:132,20,1,0
BRDA:136,21,0,0
BRDA:136,21,1,1
BRF:46
BRH:29
end_of_record
TN:
SF:src/controllers/users.controller.ts
FN:18,assertUserCanEditSelf
FN:26,updateMe
FN:59,deleteMe
FNF:3
FNH:3
FNDA:7,assertUserCanEditSelf
FNDA:5,updateMe
FNDA:2,deleteMe
DA:2,10
DA:3,10
DA:4,10
DA:5,10
DA:6,10
DA:7,10
DA:8,10
DA:9,10
DA:10,10
DA:11,10
DA:12,10
DA:19,7
DA:20,7
DA:21,0
DA:22,7
DA:23,2
DA:27,5
DA:28,0
DA:29,5
DA:30,4
DA:31,4
DA:32,4
DA:33,2
DA:34,4
DA:35,2
DA:36,2
DA:37,1
DA:39,1
DA:41,3
DA:42,1
DA:43,1
DA:44,0
DA:45,1
DA:46,1
DA:47,0
DA:49,2
DA:50,1
DA:51,2
DA:56,2
DA:57,2
DA:60,2
DA:61,0
DA:62,2
DA:64,1
DA:65,1
LF:45
LH:40
BRDA:20,0,0,0
BRDA:20,0,1,7
BRDA:22,1,0,2
BRDA:22,1,1,5
BRDA:22,2,0,7
BRDA:22,2,1,7
BRDA:27,3,0,0
BRDA:27,3,1,5
BRDA:32,4,0,2
BRDA:32,4,1,2
BRDA:34,5,0,2
BRDA:34,5,1,2
BRDA:36,6,0,1
BRDA:36,6,1,1
BRDA:36,7,0,2
BRDA:36,7,1,1
BRDA:41,8,0,1
BRDA:41,8,1,2
BRDA:43,9,0,0
BRDA:43,9,1,1
BRDA:45,10,0,1
BRDA:45,10,1,0
BRDA:49,11,0,1
BRDA:49,11,1,1
BRDA:60,12,0,0
BRDA:60,12,1,2
BRF:26
BRH:21
end_of_record
TN:
SF:src/middleware/auth.ts
FN:2,(anonymous_0)
FN:13,authenticate
FN:41,requireRole
FN:42,(anonymous_3)
FNF:4
FNH:4
FNDA:11,(anonymous_0)
FNDA:98,authenticate
FNDA:133,requireRole
FNDA:36,(anonymous_3)
DA:2,11
DA:3,11
DA:5,11
DA:6,11
DA:7,11
DA:8,11
DA:9,11
DA:10,11
DA:11,11
DA:12,11
DA:14,98
DA:15,98
DA:16,98
DA:17,5
DA:18,93
DA:19,93
DA:20,91
DA:24,91
DA:25,2
DA:26,89
DA:27,89
DA:30,9
DA:32,2
DA:33,2
DA:34,2
DA:37,7
DA:38,7
DA:42,133
DA:43,36
DA:44,1
DA:45,1
DA:47,35
DA:48,8
DA:49,8
DA:51,27
LF:35
LH:35
BRDA:2,0,0,11
BRDA:2,0,1,11
BRDA:2,0,2,11
BRDA:3,1,0,0
BRDA:3,1,1,11
BRDA:3,2,0,11
BRDA:3,2,1,11
BRDA:16,3,0,5
BRDA:16,3,1,93
BRDA:24,4,0,2
BRDA:24,4,1,89
BRDA:30,5,0,2
BRDA:30,5,1,7
BRDA:43,6,0,1
BRDA:43,6,1,35
BRDA:47,7,0,8
BRDA:47,7,1,27
BRF:17
BRH:16
end_of_record
TN:
SF:src/middleware/errorHandler.ts
FN:7,errorHandler
FNF:1
FNH:1
FNDA:35,errorHandler
DA:2,11
DA:3,11
DA:4,11
DA:5,11
DA:6,11
DA:8,35
DA:9,31
DA:10,31
DA:12,4
DA:13,3
DA:17,3
DA:20,1
DA:21,1
DA:22,1
DA:23,1
LF:15
LH:15
BRDA:8,0,0,31
BRDA:8,0,1,4
BRDA:12,1,0,3
BRDA:12,1,1,1
BRDA:20,2,0,1
BRDA:20,2,1,0
BRDA:21,3,0,1
BRDA:21,3,1,0
BRF:8
BRH:6
end_of_record
TN:
SF:src/middleware/upload.ts
FN:2,(anonymous_0)
FN:12,(anonymous_1)
FNF:2
FNH:2
FNDA:11,(anonymous_0)
FNDA:6,(anonymous_1)
DA:2,11
DA:3,11
DA:5,11
DA:6,11
DA:7,11
DA:8,11
DA:9,11
DA:13,6
DA:14,2
DA:15,2
DA:17,4
LF:11
LH:11
BRDA:2,0,0,11
BRDA:2,0,1,11
BRDA:2,0,2,11
BRDA:3,1,0,0
BRDA:3,1,1,11
BRDA:3,2,0,11
BRDA:3,2,1,11
BRDA:13,3,0,2
BRDA:13,3,1,4
BRF:9
BRH:8
end_of_record
TN:
SF:src/models/SupplementaryMaterial.ts
FN:16,serializeMaterial
FNF:1
FNH:1
FNDA:7,serializeMaterial
DA:2,11
DA:3,11
DA:4,11
DA:5,11
DA:6,11
DA:14,11
DA:15,11
DA:17,7
LF:8
LH:8
BRF:0
BRH:0
end_of_record
TN:
SF:src/services/auth.service.ts
FN:2,(anonymous_0)
FN:15,hashPassword
FN:18,comparePassword
FN:21,signToken
FN:27,isAtLeast18
FNF:5
FNH:5
FNDA:26,(anonymous_0)
FNDA:87,hashPassword
FNDA:4,comparePassword
FNDA:94,signToken
FNDA:10,isAtLeast18
DA:2,13
DA:3,26
DA:5,13
DA:6,13
DA:7,13
DA:8,13
DA:9,13
DA:10,13
DA:11,13
DA:12,13
DA:13,13
DA:14,13
DA:16,87
DA:19,4
DA:22,94
DA:28,10
DA:29,10
DA:30,10
LF:18
LH:18
BRDA:2,0,0,13
BRDA:2,0,1,13
BRDA:2,0,2,13
BRDA:3,1,0,0
BRDA:3,1,1,26
BRDA:3,2,0,26
BRDA:3,2,1,26
BRF:7
BRH:6
end_of_record
TN:
SF:src/services/markdownPdf.service.ts
FN:7,embedMarkdownFonts
FN:20,styleOf
FN:24,parseInline
FN:29,(anonymous_3)
FN:30,(anonymous_4)
FN:92,pickFont
FN:104,tokenize
FN:121,ensureSpace
FN:127,drawTokens
FN:132,(anonymous_9)
FN:201,renderMarkdown
FN:210,(anonymous_11)
FN:228,(anonymous_12)
FNF:13
FNH:13
FNDA:8,embedMarkdownFonts
FNDA:12,styleOf
FNDA:133,parseInline
FNDA:183,(anonymous_3)
FNDA:158,(anonymous_4)
FNDA:3793,pickFont
FNDA:131,tokenize
FNDA:133,ensureSpace
FNDA:131,drawTokens
FNDA:131,(anonymous_9)
FNDA:10,renderMarkdown
FNDA:2,(anonymous_11)
FNDA:3,(anonymous_12)
DA:2,12
DA:3,12
DA:4,12
DA:5,12
DA:6,12
DA:8,8
DA:16,12
DA:17,12
DA:18,12
DA:19,12
DA:21,12
DA:25,133
DA:26,133
DA:27,133
DA:28,133
DA:29,183
DA:30,133
DA:31,158
DA:32,9
DA:33,149
DA:34,149
DA:36,133
DA:37,6086
DA:38,6086
DA:40,6086
DA:41,1
DA:42,1
DA:43,1
DA:44,1
DA:45,1
DA:46,1
DA:50,6085
DA:51,5
DA:52,5
DA:53,2
DA:54,2
DA:55,2
DA:56,2
DA:57,2
DA:58,2
DA:59,2
DA:61,2
DA:62,2
DA:67,6083
DA:68,14
DA:69,14
DA:70,7
DA:72,7
DA:73,14
DA:74,14
DA:77,6069
DA:78,8
DA:79,8
DA:80,4
DA:82,4
DA:83,8
DA:84,8
DA:86,6061
DA:87,6061
DA:89,133
DA:90,133
DA:93,3793
DA:94,2
DA:95,3791
DA:96,0
DA:97,3791
DA:98,20
DA:99,3771
DA:100,48
DA:101,3723
DA:105,131
DA:106,131
DA:107,150
DA:108,0
DA:110,150
DA:111,150
DA:112,1910
DA:113,15
DA:114,1895
DA:115,1895
DA:116,1895
DA:119,131
DA:122,133
DA:123,2
DA:125,131
DA:128,131
DA:129,131
DA:130,131
DA:131,131
DA:132,131
DA:134,131
DA:135,0
DA:136,0
DA:138,131
DA:139,0
DA:140,131
DA:141,131
DA:142,131
DA:143,1895
DA:144,1895
DA:145,1895
DA:146,1
DA:154,1895
DA:161,1895
DA:163,2
DA:170,1895
DA:172,131
DA:173,131
DA:174,131
DA:175,131
DA:177,131
DA:178,1895
DA:179,1895
DA:181,880
DA:182,0
DA:183,880
DA:184,880
DA:185,880
DA:187,1015
DA:188,0
DA:191,1015
DA:192,1015
DA:194,131
DA:195,131
DA:202,10
DA:203,10
DA:207,10
DA:208,10
DA:209,10
DA:210,10
DA:211,2
DA:213,10
DA:214,133
DA:215,133
DA:216,2
DA:217,0
DA:218,2
DA:219,2
DA:221,131
DA:222,131
DA:223,1
DA:224,1
DA:225,1
DA:226,1
DA:227,1
DA:228,3
DA:234,1
DA:235,3
DA:237,1
DA:238,1
DA:239,1
DA:240,1
DA:242,130
DA:243,130
DA:244,2
DA:245,2
DA:247,2
DA:248,2
DA:255,2
DA:256,2
DA:257,2
DA:258,2
DA:261,128
DA:262,128
DA:263,128
DA:265,10
LF:166
LH:158
BRDA:31,0,0,9
BRDA:31,0,1,149
BRDA:40,1,0,1
BRDA:40,1,1,6085
BRDA:43,2,0,1
BRDA:43,2,1,0
BRDA:50,3,0,5
BRDA:50,3,1,6080
BRDA:52,4,0,2
BRDA:52,4,1,3
BRDA:52,5,0,5
BRDA:52,5,1,5
BRDA:54,6,0,2
BRDA:54,6,1,0
BRDA:67,7,0,14
BRDA:67,7,1,6069
BRDA:67,8,0,6083
BRDA:67,8,1,22
BRDA:69,9,0,7
BRDA:69,9,1,7
BRDA:77,10,0,8
BRDA:77,10,1,6061
BRDA:79,11,0,4
BRDA:79,11,1,4
BRDA:93,12,0,2
BRDA:93,12,1,3791
BRDA:95,13,0,0
BRDA:95,13,1,3791
BRDA:95,14,0,3791
BRDA:95,14,1,20
BRDA:97,15,0,20
BRDA:97,15,1,3771
BRDA:99,16,0,48
BRDA:99,16,1,3723
BRDA:107,17,0,0
BRDA:107,17,1,150
BRDA:112,18,0,15
BRDA:112,18,1,1895
BRDA:122,19,0,2
BRDA:122,19,1,131
BRDA:127,20,0,129
BRDA:134,21,0,131
BRDA:134,21,1,131
BRDA:138,22,0,0
BRDA:138,22,1,131
BRDA:144,23,0,2
BRDA:144,23,1,1893
BRDA:145,24,0,1
BRDA:145,24,1,1894
BRDA:161,25,0,2
BRDA:161,25,1,1893
BRDA:179,26,0,880
BRDA:179,26,1,1015
BRDA:181,27,0,0
BRDA:181,27,1,880
BRDA:187,28,0,0
BRDA:187,28,1,1015
BRDA:187,29,0,1015
BRDA:187,29,1,0
BRDA:201,30,0,3
BRDA:202,31,0,10
BRDA:202,31,1,3
BRDA:203,32,0,10
BRDA:203,32,1,10
BRDA:215,33,0,2
BRDA:215,33,1,131
BRDA:216,34,0,0
BRDA:216,34,1,2
BRDA:222,35,0,1
BRDA:222,35,1,130
BRDA:243,36,0,2
BRDA:243,36,1,128
BRF:72
BRH:63
end_of_record
TN:
SF:src/services/pdf.service.ts
FN:2,(anonymous_0)
FN:6,(anonymous_1)
FN:9,(anonymous_2)
FN:13,(anonymous_3)
FN:15,(anonymous_4)
FN:18,(anonymous_5)
FN:19,(anonymous_6)
FN:20,(anonymous_7)
FN:27,(anonymous_8)
FN:35,(anonymous_9)
FN:49,getPageCount
FN:58,generateCoverPng
FN:60,(anonymous_12)
FN:83,generatePlaceholderCover
FN:113,buildAnnotatedPdf
FN:119,(anonymous_15)
FN:120,(anonymous_16)
FN:151,(anonymous_17)
FN:168,(anonymous_18)
FN:169,(anonymous_19)
FN:174,(anonymous_20)
FNF:21
FNH:16
FNDA:12,(anonymous_0)
FNDA:4,(anonymous_1)
FNDA:0,(anonymous_2)
FNDA:4,(anonymous_3)
FNDA:0,(anonymous_4)
FNDA:11,(anonymous_5)
FNDA:2,(anonymous_6)
FNDA:0,(anonymous_7)
FNDA:4,(anonymous_8)
FNDA:44,(anonymous_9)
FNDA:6,getPageCount
FNDA:4,generateCoverPng
FNDA:4,(anonymous_12)
FNDA:0,generatePlaceholderCover
FNDA:3,buildAnnotatedPdf
FNDA:1,(anonymous_15)
FNDA:3,(anonymous_16)
FNDA:2,(anonymous_17)
FNDA:6,(anonymous_18)
FNDA:0,(anonymous_19)
FNDA:3,(anonymous_20)
DA:2,11
DA:3,12
DA:4,12
DA:5,12
DA:6,12
DA:8,12
DA:10,0
DA:11,0
DA:13,11
DA:14,4
DA:16,0
DA:18,11
DA:19,11
DA:20,2
DA:21,0
DA:22,0
DA:23,0
DA:25,2
DA:27,11
DA:28,4
DA:29,4
DA:30,12
DA:31,4
DA:32,4
DA:35,11
DA:36,44
DA:38,11
DA:39,11
DA:40,11
DA:41,11
DA:42,11
DA:43,11
DA:44,11
DA:45,11
DA:46,11
DA:47,11
DA:48,11
DA:50,6
DA:51,6
DA:52,6
DA:59,4
DA:60,4
DA:61,4
DA:62,4
DA:70,4
DA:71,4
DA:72,4
DA:73,0
DA:74,4
DA:75,4
DA:79,0
DA:80,0
DA:84,0
DA:89,0
DA:107,0
DA:114,3
DA:115,3
DA:116,3
DA:117,3
DA:118,3
DA:119,3
DA:120,3
DA:121,3
DA:122,3
DA:123,3
DA:124,0
DA:125,3
DA:126,3
DA:127,3
DA:129,3
DA:130,3
DA:131,3
DA:132,3
DA:139,3
DA:148,3
DA:149,2
DA:150,2
DA:151,2
DA:152,2
DA:153,2
DA:155,2
DA:156,2
DA:162,2
DA:163,2
DA:168,6
DA:170,0
DA:171,0
DA:174,2
DA:175,3
DA:176,3
DA:177,3
DA:178,3
DA:179,3
DA:182,3
DA:183,3
LF:95
LH:80
BRDA:2,0,0,11
BRDA:2,0,1,11
BRDA:2,0,2,11
BRDA:2,1,0,11
BRDA:2,1,1,0
BRDA:3,2,0,12
BRDA:3,2,1,0
BRDA:5,3,0,12
BRDA:5,3,1,0
BRDA:5,4,0,12
BRDA:5,4,1,12
BRDA:5,5,0,0
BRDA:5,5,1,12
BRDA:5,6,0,12
BRDA:5,6,1,0
BRDA:10,7,0,0
BRDA:10,7,1,0
BRDA:13,8,0,11
BRDA:13,8,1,11
BRDA:13,8,2,11
BRDA:13,9,0,11
BRDA:13,9,1,0
BRDA:18,10,0,11
BRDA:18,10,1,11
BRDA:18,10,2,11
BRDA:20,11,0,2
BRDA:20,11,1,0
BRDA:22,12,0,0
BRDA:22,12,1,0
BRDA:28,13,0,0
BRDA:28,13,1,4
BRDA:28,14,0,4
BRDA:28,14,1,4
BRDA:30,15,0,4
BRDA:30,15,1,0
BRDA:30,16,0,12
BRDA:30,16,1,0
BRDA:35,17,0,11
BRDA:35,17,1,11
BRDA:35,17,2,11
BRDA:36,18,0,0
BRDA:36,18,1,44
BRDA:36,19,0,44
BRDA:36,19,1,44
BRDA:72,20,0,0
BRDA:72,20,1,4
BRDA:119,21,0,0
BRDA:119,21,1,1
BRDA:123,22,0,0
BRDA:123,22,1,3
BRDA:126,23,0,2
BRDA:126,23,1,1
BRDA:148,24,0,2
BRDA:148,24,1,1
BRDA:176,25,0,2
BRDA:176,25,1,1
BRF:56
BRH:38
end_of_record
TN:
SF:src/services/quota.service.ts
FN:11,startOfMonth
FN:14,getAnnotationQuota
FN:32,consumeAnnotationView
FNF:3
FNH:3
FNDA:74,startOfMonth
FNDA:51,getAnnotationQuota
FNDA:27,consumeAnnotationView
DA:2,11
DA:3,11
DA:4,11
DA:5,11
DA:6,11
DA:7,11
DA:8,11
DA:9,11
DA:10,11
DA:12,74
DA:15,51
DA:16,3
DA:18,48
DA:21,48
DA:33,27
DA:34,1
DA:36,26
DA:37,26
DA:40,26
DA:41,25
DA:44,25
DA:46,3
DA:47,3
DA:49,22
DA:51,23
LF:25
LH:25
BRDA:11,0,0,74
BRDA:15,1,0,3
BRDA:15,1,1,48
BRDA:33,2,0,1
BRDA:33,2,1,26
BRDA:40,3,0,25
BRDA:40,3,1,1
BRDA:44,4,0,3
BRDA:44,4,1,22
BRF:9
BRH:9
end_of_record
TN:
SF:src/services/storage.service.ts
FN:2,(anonymous_0)
FN:19,ensureStorageDirs
FN:26,bookPdfPath
FN:29,bookCoverPath
FN:32,bookAnnotatedPath
FN:35,safeUnlink
FNF:6
FNH:6
FNDA:24,(anonymous_0)
FNDA:12,ensureStorageDirs
FNDA:5,bookPdfPath
FNDA:5,bookCoverPath
FNDA:7,bookAnnotatedPath
FNDA:10,safeUnlink
DA:2,12
DA:3,24
DA:5,12
DA:6,12
DA:7,12
DA:8,12
DA:9,12
DA:10,12
DA:11,12
DA:12,12
DA:13,12
DA:14,12
DA:15,12
DA:16,12
DA:17,12
DA:18,12
DA:20,12
DA:27,5
DA:30,5
DA:33,7
DA:36,10
DA:37,10
DA:40,9
DA:41,1
LF:24
LH:24
BRDA:2,0,0,12
BRDA:2,0,1,12
BRDA:2,0,2,12
BRDA:3,1,0,0
BRDA:3,1,1,24
BRDA:3,2,0,24
BRDA:3,2,1,24
BRDA:40,3,0,1
BRDA:40,3,1,8
BRF:9
BRH:8
end_of_record
TN:
SF:src/utils/HttpError.ts
FN:7,(anonymous_0)
FN:12,(anonymous_1)
FN:15,(anonymous_2)
FN:18,(anonymous_3)
FN:21,(anonymous_4)
FN:24,(anonymous_5)
FN:27,(anonymous_6)
FNF:7
FNH:7
FNDA:39,(anonymous_0)
FNDA:7,(anonymous_1)
FNDA:11,(anonymous_2)
FNDA:12,(anonymous_3)
FNDA:2,(anonymous_4)
FNDA:2,(anonymous_5)
FNDA:5,(anonymous_6)
DA:2,14
DA:3,14
DA:8,39
DA:9,39
DA:10,39
DA:13,7
DA:16,11
DA:19,12
DA:22,2
DA:25,2
DA:28,5
DA:31,14
LF:12
LH:12
BRDA:12,0,0,0
BRDA:15,1,0,1
BRDA:18,2,0,0
BRDA:21,3,0,0
BRDA:24,4,0,0
BRDA:27,5,0,0
BRF:6
BRH:1
end_of_record
TN:
SF:src/utils/asyncHandler.ts
FN:4,(anonymous_0)
FN:4,(anonymous_1)
FNF:2
FNH:2
FNDA:380,(anonymous_0)
FNDA:86,(anonymous_1)
DA:2,10
DA:3,10
DA:4,380
DA:5,86
DA:7,10
LF:5
LH:5
BRF:0
BRH:0
end_of_record
TN:
SF:src/utils/serializers.ts
FN:8,serializeUser
FN:21,serializeInstitution
FN:30,serializeBook
FN:48,serializeAnnotation
FN:63,serializeInvoice
FNF:5
FNH:5
FNDA:15,serializeUser
FNDA:3,serializeInstitution
FNDA:8,serializeBook
FNDA:25,serializeAnnotation
FNDA:4,serializeInvoice
DA:2,10
DA:3,10
DA:4,10
DA:5,10
DA:6,10
DA:7,10
DA:9,15
DA:22,3
DA:31,8
DA:49,25
DA:64,4
LF:11
LH:11
BRDA:42,0,0,3
BRDA:42,0,1,5
BRF:2
BRH:2
end_of_record
