{"/Users/luisferlcc/WebDev/ULSB/React/libroclaro/web/src/api/client.ts": {"path":"/Users/luisferlcc/WebDev/ULSB/React/libroclaro/web/src/api/client.ts","statementMap":{"0":{"start":{"line":3,"column":18},"end":{"line":3,"column":36}},"1":{"start":{"line":6,"column":2},"end":{"line":6,"column":41}},"2":{"start":{"line":9,"column":2},"end":{"line":9,"column":41}},"3":{"start":{"line":12,"column":2},"end":{"line":12,"column":37}},"4":{"start":{"line":18,"column":26},"end":{"line":18,"column":82}},"5":{"start":{"line":22,"column":2},"end":{"line":22,"column":46}},"6":{"start":{"line":22,"column":34},"end":{"line":22,"column":46}},"7":{"start":{"line":23,"column":25},"end":{"line":23,"column":65}},"8":{"start":{"line":24,"column":2},"end":{"line":24,"column":42}},"9":{"start":{"line":27,"column":19},"end":{"line":30,"column":2}},"10":{"start":{"line":32,"column":0},"end":{"line":38,"column":3}},"11":{"start":{"line":33,"column":16},"end":{"line":33,"column":26}},"12":{"start":{"line":34,"column":2},"end":{"line":36,"column":3}},"13":{"start":{"line":35,"column":4},"end":{"line":35,"column":53}},"14":{"start":{"line":37,"column":2},"end":{"line":37,"column":16}},"15":{"start":{"line":40,"column":0},"end":{"line":51,"column":2}},"16":{"start":{"line":41,"column":11},"end":{"line":41,"column":14}},"17":{"start":{"line":43,"column":4},"end":{"line":48,"column":5}},"18":{"start":{"line":44,"column":6},"end":{"line":44,"column":19}},"19":{"start":{"line":45,"column":6},"end":{"line":47,"column":7}},"20":{"start":{"line":46,"column":8},"end":{"line":46,"column":40}},"21":{"start":{"line":49,"column":4},"end":{"line":49,"column":31}},"22":{"start":{"line":54,"column":2},"end":{"line":58,"column":3}},"23":{"start":{"line":55,"column":17},"end":{"line":55,"column":88}},"24":{"start":{"line":56,"column":4},"end":{"line":56,"column":39}},"25":{"start":{"line":56,"column":21},"end":{"line":56,"column":39}},"26":{"start":{"line":57,"column":4},"end":{"line":57,"column":23}},"27":{"start":{"line":59,"column":2},"end":{"line":59,"column":47}},"28":{"start":{"line":59,"column":28},"end":{"line":59,"column":47}},"29":{"start":{"line":60,"column":2},"end":{"line":60,"column":29}}},"fnMap":{"0":{"name":"getToken","decl":{"start":{"line":5,"column":16},"end":{"line":5,"column":24}},"loc":{"start":{"line":5,"column":42},"end":{"line":7,"column":1}},"line":5},"1":{"name":"setToken","decl":{"start":{"line":8,"column":16},"end":{"line":8,"column":24}},"loc":{"start":{"line":8,"column":46},"end":{"line":10,"column":1}},"line":8},"2":{"name":"clearToken","decl":{"start":{"line":11,"column":16},"end":{"line":11,"column":26}},"loc":{"start":{"line":11,"column":35},"end":{"line":13,"column":1}},"line":11},"3":{"name":"apiUrl","decl":{"start":{"line":21,"column":16},"end":{"line":21,"column":22}},"loc":{"start":{"line":21,"column":45},"end":{"line":25,"column":1}},"line":21},"4":{"name":"(anonymous_4)","decl":{"start":{"line":32,"column":29},"end":{"line":32,"column":30}},"loc":{"start":{"line":32,"column":41},"end":{"line":38,"column":1}},"line":32},"5":{"name":"(anonymous_5)","decl":{"start":{"line":41,"column":2},"end":{"line":41,"column":3}},"loc":{"start":{"line":41,"column":11},"end":{"line":41,"column":14}},"line":41},"6":{"name":"(anonymous_6)","decl":{"start":{"line":42,"column":2},"end":{"line":42,"column":3}},"loc":{"start":{"line":42,"column":43},"end":{"line":50,"column":3}},"line":42},"7":{"name":"getErrorMessage","decl":{"start":{"line":53,"column":16},"end":{"line":53,"column":31}},"loc":{"start":{"line":53,"column":54},"end":{"line":61,"column":1}},"line":53}},"branchMap":{"0":{"loc":{"start":{"line":18,"column":27},"end":{"line":18,"column":61}},"type":"binary-expr","locations":[{"start":{"line":18,"column":27},"end":{"line":18,"column":55}},{"start":{"line":18,"column":59},"end":{"line":18,"column":61}}],"line":18},"1":{"loc":{"start":{"line":22,"column":2},"end":{"line":22,"column":46}},"type":"if","locations":[{"start":{"line":22,"column":2},"end":{"line":22,"column":46}},{"start":{},"end":{}}],"line":22},"2":{"loc":{"start":{"line":23,"column":25},"end":{"line":23,"column":65}},"type":"cond-expr","locations":[{"start":{"line":23,"column":48},"end":{"line":23,"column":52}},{"start":{"line":23,"column":55},"end":{"line":23,"column":65}}],"line":23},"3":{"loc":{"start":{"line":34,"column":2},"end":{"line":36,"column":3}},"type":"if","locations":[{"start":{"line":34,"column":2},"end":{"line":36,"column":3}},{"start":{},"end":{}}],"line":34},"4":{"loc":{"start":{"line":43,"column":4},"end":{"line":48,"column":5}},"type":"if","locations":[{"start":{"line":43,"column":4},"end":{"line":48,"column":5}},{"start":{},"end":{}}],"line":43},"5":{"loc":{"start":{"line":45,"column":6},"end":{"line":47,"column":7}},"type":"if","locations":[{"start":{"line":45,"column":6},"end":{"line":47,"column":7}},{"start":{},"end":{}}],"line":45},"6":{"loc":{"start":{"line":54,"column":2},"end":{"line":58,"column":3}},"type":"if","locations":[{"start":{"line":54,"column":2},"end":{"line":58,"column":3}},{"start":{},"end":{}}],"line":54},"7":{"loc":{"start":{"line":56,"column":4},"end":{"line":56,"column":39}},"type":"if","locations":[{"start":{"line":56,"column":4},"end":{"line":56,"column":39}},{"start":{},"end":{}}],"line":56},"8":{"loc":{"start":{"line":59,"column":2},"end":{"line":59,"column":47}},"type":"if","locations":[{"start":{"line":59,"column":2},"end":{"line":59,"column":47}},{"start":{},"end":{}}],"line":59}},"s":{"0":2,"1":5,"2":2,"3":3,"4":2,"5":6,"6":1,"7":5,"8":5,"9":2,"10":2,"11":0,"12":0,"13":0,"14":0,"15":2,"16":0,"17":0,"18":0,"19":0,"20":0,"21":0,"22":4,"23":2,"24":2,"25":1,"26":1,"27":2,"28":1,"29":1},"f":{"0":5,"1":2,"2":3,"3":6,"4":0,"5":0,"6":0,"7":4},"b":{"0":[2,2],"1":[1,5],"2":[4,1],"3":[0,0],"4":[0,0],"5":[0,0],"6":[2,2],"7":[1,1],"8":[1,1]},"_coverageSchema":"1a1c01bbd47fc00a2c39e90264f33305004495a9","hash":"d88e1b7f7331fd5a5df0e7dccddfb1ec6ee523df"}
,"/Users/luisferlcc/WebDev/ULSB/React/libroclaro/web/src/components/AuthedImage.tsx": {"path":"/Users/luisferlcc/WebDev/ULSB/React/libroclaro/web/src/components/AuthedImage.tsx","statementMap":{"0":{"start":{"line":5,"column":18},"end":{"line":5,"column":43}},"1":{"start":{"line":20,"column":18},"end":{"line":20,"column":29}},"2":{"start":{"line":21,"column":36},"end":{"line":21,"column":97}},"3":{"start":{"line":21,"column":66},"end":{"line":21,"column":96}},"4":{"start":{"line":22,"column":28},"end":{"line":22,"column":43}},"5":{"start":{"line":24,"column":2},"end":{"line":48,"column":16}},"6":{"start":{"line":25,"column":4},"end":{"line":28,"column":5}},"7":{"start":{"line":26,"column":6},"end":{"line":26,"column":44}},"8":{"start":{"line":27,"column":6},"end":{"line":27,"column":13}},"9":{"start":{"line":29,"column":20},"end":{"line":29,"column":25}},"10":{"start":{"line":30,"column":18},"end":{"line":30,"column":28}},"11":{"start":{"line":31,"column":4},"end":{"line":44,"column":9}},"12":{"start":{"line":33,"column":8},"end":{"line":33,"column":59}},"13":{"start":{"line":33,"column":21},"end":{"line":33,"column":59}},"14":{"start":{"line":34,"column":8},"end":{"line":34,"column":26}},"15":{"start":{"line":37,"column":8},"end":{"line":37,"column":30}},"16":{"start":{"line":37,"column":23},"end":{"line":37,"column":30}},"17":{"start":{"line":38,"column":20},"end":{"line":38,"column":45}},"18":{"start":{"line":39,"column":8},"end":{"line":39,"column":36}},"19":{"start":{"line":40,"column":8},"end":{"line":40,"column":26}},"20":{"start":{"line":43,"column":8},"end":{"line":43,"column":39}},"21":{"start":{"line":43,"column":24},"end":{"line":43,"column":39}},"22":{"start":{"line":45,"column":4},"end":{"line":47,"column":6}},"23":{"start":{"line":46,"column":6},"end":{"line":46,"column":23}},"24":{"start":{"line":50,"column":2},"end":{"line":50,"column":48}},"25":{"start":{"line":50,"column":25},"end":{"line":50,"column":48}},"26":{"start":{"line":51,"column":2},"end":{"line":51,"column":49}},"27":{"start":{"line":51,"column":18},"end":{"line":51,"column":49}},"28":{"start":{"line":52,"column":2},"end":{"line":52,"column":69}}},"fnMap":{"0":{"name":"AuthedImage","decl":{"start":{"line":19,"column":16},"end":{"line":19,"column":27}},"loc":{"start":{"line":19,"column":68},"end":{"line":53,"column":1}},"line":19},"1":{"name":"(anonymous_1)","decl":{"start":{"line":21,"column":60},"end":{"line":21,"column":61}},"loc":{"start":{"line":21,"column":66},"end":{"line":21,"column":96}},"line":21},"2":{"name":"(anonymous_2)","decl":{"start":{"line":24,"column":12},"end":{"line":24,"column":13}},"loc":{"start":{"line":24,"column":18},"end":{"line":48,"column":3}},"line":24},"3":{"name":"(anonymous_3)","decl":{"start":{"line":32,"column":12},"end":{"line":32,"column":13}},"loc":{"start":{"line":32,"column":21},"end":{"line":35,"column":7}},"line":32},"4":{"name":"(anonymous_4)","decl":{"start":{"line":36,"column":12},"end":{"line":36,"column":13}},"loc":{"start":{"line":36,"column":22},"end":{"line":41,"column":7}},"line":36},"5":{"name":"(anonymous_5)","decl":{"start":{"line":42,"column":13},"end":{"line":42,"column":14}},"loc":{"start":{"line":42,"column":19},"end":{"line":44,"column":7}},"line":42},"6":{"name":"(anonymous_6)","decl":{"start":{"line":45,"column":11},"end":{"line":45,"column":12}},"loc":{"start":{"line":45,"column":17},"end":{"line":47,"column":5}},"line":45}},"branchMap":{"0":{"loc":{"start":{"line":21,"column":66},"end":{"line":21,"column":96}},"type":"binary-expr","locations":[{"start":{"line":21,"column":66},"end":{"line":21,"column":88}},{"start":{"line":21,"column":92},"end":{"line":21,"column":96}}],"line":21},"1":{"loc":{"start":{"line":25,"column":4},"end":{"line":28,"column":5}},"type":"if","locations":[{"start":{"line":25,"column":4},"end":{"line":28,"column":5}},{"start":{},"end":{}}],"line":25},"2":{"loc":{"start":{"line":31,"column":30},"end":{"line":31,"column":79}},"type":"cond-expr","locations":[{"start":{"line":31,"column":38},"end":{"line":31,"column":74}},{"start":{"line":31,"column":77},"end":{"line":31,"column":79}}],"line":31},"3":{"loc":{"start":{"line":33,"column":8},"end":{"line":33,"column":59}},"type":"if","locations":[{"start":{"line":33,"column":8},"end":{"line":33,"column":59}},{"start":{},"end":{}}],"line":33},"4":{"loc":{"start":{"line":37,"column":8},"end":{"line":37,"column":30}},"type":"if","locations":[{"start":{"line":37,"column":8},"end":{"line":37,"column":30}},{"start":{},"end":{}}],"line":37},"5":{"loc":{"start":{"line":43,"column":8},"end":{"line":43,"column":39}},"type":"if","locations":[{"start":{"line":43,"column":8},"end":{"line":43,"column":39}},{"start":{},"end":{}}],"line":43},"6":{"loc":{"start":{"line":50,"column":2},"end":{"line":50,"column":48}},"type":"if","locations":[{"start":{"line":50,"column":2},"end":{"line":50,"column":48}},{"start":{},"end":{}}],"line":50},"7":{"loc":{"start":{"line":50,"column":6},"end":{"line":50,"column":23}},"type":"binary-expr","locations":[{"start":{"line":50,"column":6},"end":{"line":50,"column":11}},{"start":{"line":50,"column":15},"end":{"line":50,"column":23}}],"line":50},"8":{"loc":{"start":{"line":51,"column":2},"end":{"line":51,"column":49}},"type":"if","locations":[{"start":{"line":51,"column":2},"end":{"line":51,"column":49}},{"start":{},"end":{}}],"line":51},"9":{"loc":{"start":{"line":51,"column":28},"end":{"line":51,"column":44}},"type":"binary-expr","locations":[{"start":{"line":51,"column":28},"end":{"line":51,"column":36}},{"start":{"line":51,"column":40},"end":{"line":51,"column":44}}],"line":51}},"s":{"0":1,"1":3,"2":3,"3":2,"4":3,"5":3,"6":2,"7":0,"8":0,"9":2,"10":2,"11":2,"12":2,"13":1,"14":1,"15":1,"16":0,"17":1,"18":1,"19":1,"20":1,"21":1,"22":2,"23":2,"24":3,"25":0,"26":3,"27":2,"28":1},"f":{"0":3,"1":2,"2":2,"3":2,"4":1,"5":1,"6":2},"b":{"0":[2,2],"1":[0,2],"2":[1,1],"3":[1,1],"4":[0,1],"5":[1,0],"6":[0,3],"7":[3,0],"8":[2,1],"9":[2,0]},"_coverageSchema":"1a1c01bbd47fc00a2c39e90264f33305004495a9","hash":"2156b0e8f92b5276da2bdd79dd3b7f1657c1acf5"}
,"/Users/luisferlcc/WebDev/ULSB/React/libroclaro/web/src/components/MarkdownEditor.tsx": {"path":"/Users/luisferlcc/WebDev/ULSB/React/libroclaro/web/src/components/MarkdownEditor.tsx","statementMap":{"0":{"start":{"line":13,"column":2},"end":{"line":35,"column":4}},"1":{"start":{"line":18,"column":25},"end":{"line":18,"column":49}}},"fnMap":{"0":{"name":"MarkdownEditor","decl":{"start":{"line":12,"column":16},"end":{"line":12,"column":30}},"loc":{"start":{"line":12,"column":113},"end":{"line":36,"column":1}},"line":12},"1":{"name":"(anonymous_1)","decl":{"start":{"line":18,"column":18},"end":{"line":18,"column":19}},"loc":{"start":{"line":18,"column":25},"end":{"line":18,"column":49}},"line":18}},"branchMap":{"0":{"loc":{"start":{"line":12,"column":50},"end":{"line":12,"column":80}},"type":"default-arg","locations":[{"start":{"line":12,"column":58},"end":{"line":12,"column":80}}],"line":12},"1":{"loc":{"start":{"line":12,"column":82},"end":{"line":12,"column":90}},"type":"default-arg","locations":[{"start":{"line":12,"column":89},"end":{"line":12,"column":90}}],"line":12},"2":{"loc":{"start":{"line":22,"column":20},"end":{"line":22,"column":113}},"type":"binary-expr","locations":[{"start":{"line":22,"column":20},"end":{"line":22,"column":30}},{"start":{"line":22,"column":34},"end":{"line":22,"column":113}}],"line":22},"3":{"loc":{"start":{"line":24,"column":7},"end":{"line":33,"column":7}},"type":"binary-expr","locations":[{"start":{"line":24,"column":7},"end":{"line":24,"column":12}},{"start":{"line":25,"column":8},"end":{"line":32,"column":14}}],"line":24}},"s":{"0":8,"1":4},"f":{"0":8,"1":4},"b":{"0":[7],"1":[8],"2":[8,8],"3":[8,5]},"_coverageSchema":"1a1c01bbd47fc00a2c39e90264f33305004495a9","hash":"f641455bb0336a61b42170e327ae0c59fac444df"}
,"/Users/luisferlcc/WebDev/ULSB/React/libroclaro/web/src/components/MarkdownPreview.tsx": {"path":"/Users/luisferlcc/WebDev/ULSB/React/libroclaro/web/src/components/MarkdownPreview.tsx","statementMap":{"0":{"start":{"line":9,"column":2},"end":{"line":11,"column":4}},"1":{"start":{"line":10,"column":4},"end":{"line":10,"column":85}},"2":{"start":{"line":15,"column":16},"end":{"line":15,"column":31}},"3":{"start":{"line":16,"column":24},"end":{"line":16,"column":26}},"4":{"start":{"line":17,"column":15},"end":{"line":17,"column":20}},"5":{"start":{"line":19,"column":17},"end":{"line":20,"column":76}},"6":{"start":{"line":20,"column":4},"end":{"line":20,"column":76}},"7":{"start":{"line":22,"column":17},"end":{"line":31,"column":3}},"8":{"start":{"line":23,"column":12},"end":{"line":23,"column":28}},"9":{"start":{"line":24,"column":4},"end":{"line":26,"column":6}},"10":{"start":{"line":25,"column":6},"end":{"line":25,"column":106}},"11":{"start":{"line":27,"column":4},"end":{"line":27,"column":120}},"12":{"start":{"line":27,"column":61},"end":{"line":27,"column":118}},"13":{"start":{"line":28,"column":4},"end":{"line":28,"column":135}},"14":{"start":{"line":28,"column":80},"end":{"line":28,"column":133}},"15":{"start":{"line":29,"column":4},"end":{"line":29,"column":167}},"16":{"start":{"line":29,"column":55},"end":{"line":29,"column":165}},"17":{"start":{"line":30,"column":4},"end":{"line":30,"column":13}},"18":{"start":{"line":33,"column":2},"end":{"line":69,"column":3}},"19":{"start":{"line":34,"column":17},"end":{"line":34,"column":30}},"20":{"start":{"line":36,"column":20},"end":{"line":36,"column":50}},"21":{"start":{"line":37,"column":4},"end":{"line":47,"column":5}},"22":{"start":{"line":38,"column":6},"end":{"line":41,"column":7}},"23":{"start":{"line":39,"column":8},"end":{"line":39,"column":26}},"24":{"start":{"line":40,"column":8},"end":{"line":40,"column":23}},"25":{"start":{"line":42,"column":20},"end":{"line":42,"column":37}},"26":{"start":{"line":43,"column":6},"end":{"line":45,"column":8}},"27":{"start":{"line":46,"column":6},"end":{"line":46,"column":15}},"28":{"start":{"line":49,"column":19},"end":{"line":49,"column":45}},"29":{"start":{"line":50,"column":4},"end":{"line":57,"column":5}},"30":{"start":{"line":51,"column":6},"end":{"line":54,"column":7}},"31":{"start":{"line":52,"column":8},"end":{"line":52,"column":67}},"32":{"start":{"line":53,"column":8},"end":{"line":53,"column":22}},"33":{"start":{"line":55,"column":6},"end":{"line":55,"column":63}},"34":{"start":{"line":56,"column":6},"end":{"line":56,"column":15}},"35":{"start":{"line":59,"column":4},"end":{"line":62,"column":5}},"36":{"start":{"line":60,"column":6},"end":{"line":60,"column":24}},"37":{"start":{"line":61,"column":6},"end":{"line":61,"column":21}},"38":{"start":{"line":64,"column":4},"end":{"line":68,"column":5}},"39":{"start":{"line":65,"column":6},"end":{"line":65,"column":51}},"40":{"start":{"line":67,"column":6},"end":{"line":67,"column":64}},"41":{"start":{"line":70,"column":2},"end":{"line":70,"column":32}},"42":{"start":{"line":70,"column":14},"end":{"line":70,"column":32}},"43":{"start":{"line":71,"column":2},"end":{"line":71,"column":22}},"44":{"start":{"line":81,"column":2},"end":{"line":86,"column":4}}},"fnMap":{"0":{"name":"escapeHtml","decl":{"start":{"line":8,"column":9},"end":{"line":8,"column":19}},"loc":{"start":{"line":8,"column":39},"end":{"line":12,"column":1}},"line":8},"1":{"name":"(anonymous_1)","decl":{"start":{"line":9,"column":31},"end":{"line":9,"column":32}},"loc":{"start":{"line":10,"column":4},"end":{"line":10,"column":85}},"line":10},"2":{"name":"renderMarkdown","decl":{"start":{"line":14,"column":9},"end":{"line":14,"column":23}},"loc":{"start":{"line":14,"column":67},"end":{"line":72,"column":1}},"line":14},"3":{"name":"(anonymous_3)","decl":{"start":{"line":19,"column":17},"end":{"line":19,"column":18}},"loc":{"start":{"line":20,"column":4},"end":{"line":20,"column":76}},"line":20},"4":{"name":"(anonymous_4)","decl":{"start":{"line":22,"column":17},"end":{"line":22,"column":18}},"loc":{"start":{"line":22,"column":43},"end":{"line":31,"column":3}},"line":22},"5":{"name":"(anonymous_5)","decl":{"start":{"line":24,"column":46},"end":{"line":24,"column":47}},"loc":{"start":{"line":25,"column":6},"end":{"line":25,"column":106}},"line":25},"6":{"name":"(anonymous_6)","decl":{"start":{"line":27,"column":38},"end":{"line":27,"column":39}},"loc":{"start":{"line":27,"column":61},"end":{"line":27,"column":118}},"line":27},"7":{"name":"(anonymous_7)","decl":{"start":{"line":28,"column":44},"end":{"line":28,"column":45}},"loc":{"start":{"line":28,"column":80},"end":{"line":28,"column":133}},"line":28},"8":{"name":"(anonymous_8)","decl":{"start":{"line":29,"column":32},"end":{"line":29,"column":33}},"loc":{"start":{"line":29,"column":55},"end":{"line":29,"column":165}},"line":29},"9":{"name":"MarkdownPreview","decl":{"start":{"line":80,"column":16},"end":{"line":80,"column":31}},"loc":{"start":{"line":80,"column":72},"end":{"line":87,"column":1}},"line":80}},"branchMap":{"0":{"loc":{"start":{"line":10,"column":4},"end":{"line":10,"column":85}},"type":"binary-expr","locations":[{"start":{"line":10,"column":4},"end":{"line":10,"column":80}},{"start":{"line":10,"column":84},"end":{"line":10,"column":85}}],"line":10},"1":{"loc":{"start":{"line":20,"column":4},"end":{"line":20,"column":76}},"type":"cond-expr","locations":[{"start":{"line":20,"column":18},"end":{"line":20,"column":71}},{"start":{"line":20,"column":74},"end":{"line":20,"column":76}}],"line":20},"2":{"loc":{"start":{"line":37,"column":4},"end":{"line":47,"column":5}},"type":"if","locations":[{"start":{"line":37,"column":4},"end":{"line":47,"column":5}},{"start":{},"end":{}}],"line":37},"3":{"loc":{"start":{"line":38,"column":6},"end":{"line":41,"column":7}},"type":"if","locations":[{"start":{"line":38,"column":6},"end":{"line":41,"column":7}},{"start":{},"end":{}}],"line":38},"4":{"loc":{"start":{"line":50,"column":4},"end":{"line":57,"column":5}},"type":"if","locations":[{"start":{"line":50,"column":4},"end":{"line":57,"column":5}},{"start":{},"end":{}}],"line":50},"5":{"loc":{"start":{"line":51,"column":6},"end":{"line":54,"column":7}},"type":"if","locations":[{"start":{"line":51,"column":6},"end":{"line":54,"column":7}},{"start":{},"end":{}}],"line":51},"6":{"loc":{"start":{"line":59,"column":4},"end":{"line":62,"column":5}},"type":"if","locations":[{"start":{"line":59,"column":4},"end":{"line":62,"column":5}},{"start":{},"end":{}}],"line":59},"7":{"loc":{"start":{"line":64,"column":4},"end":{"line":68,"column":5}},"type":"if","locations":[{"start":{"line":64,"column":4},"end":{"line":68,"column":5}},{"start":{"line":66,"column":11},"end":{"line":68,"column":5}}],"line":64},"8":{"loc":{"start":{"line":70,"column":2},"end":{"line":70,"column":32}},"type":"if","locations":[{"start":{"line":70,"column":2},"end":{"line":70,"column":32}},{"start":{},"end":{}}],"line":70},"9":{"loc":{"start":{"line":80,"column":42},"end":{"line":80,"column":61}},"type":"default-arg","locations":[{"start":{"line":80,"column":56},"end":{"line":80,"column":61}}],"line":80}},"s":{"0":24,"1":2,"2":16,"3":16,"4":16,"5":16,"6":21,"7":16,"8":20,"9":20,"10":1,"11":20,"12":4,"13":20,"14":1,"15":20,"16":1,"17":20,"18":16,"19":21,"20":21,"21":21,"22":3,"23":1,"24":1,"25":3,"26":3,"27":3,"28":18,"29":18,"30":4,"31":3,"32":3,"33":4,"34":4,"35":14,"36":1,"37":1,"38":14,"39":1,"40":13,"41":16,"42":1,"43":16,"44":16},"f":{"0":24,"1":2,"2":16,"3":21,"4":20,"5":1,"6":4,"7":1,"8":1,"9":16},"b":{"0":[2,0],"1":[4,17],"2":[3,18],"3":[1,2],"4":[4,14],"5":[3,1],"6":[1,13],"7":[1,13],"8":[1,15],"9":[0]},"_coverageSchema":"1a1c01bbd47fc00a2c39e90264f33305004495a9","hash":"3e0c7e74d081b017df529ef7270beea6313fe75d"}
,"/Users/luisferlcc/WebDev/ULSB/React/libroclaro/web/src/routes/ProtectedRoute.tsx": {"path":"/Users/luisferlcc/WebDev/ULSB/React/libroclaro/web/src/routes/ProtectedRoute.tsx","statementMap":{"0":{"start":{"line":13,"column":28},"end":{"line":13,"column":37}},"1":{"start":{"line":14,"column":19},"end":{"line":14,"column":32}},"2":{"start":{"line":16,"column":2},"end":{"line":22,"column":3}},"3":{"start":{"line":17,"column":4},"end":{"line":21,"column":6}},"4":{"start":{"line":24,"column":2},"end":{"line":26,"column":3}},"5":{"start":{"line":25,"column":4},"end":{"line":25,"column":71}},"6":{"start":{"line":28,"column":2},"end":{"line":30,"column":3}},"7":{"start":{"line":29,"column":4},"end":{"line":29,"column":39}},"8":{"start":{"line":32,"column":2},"end":{"line":32,"column":25}}},"fnMap":{"0":{"name":"ProtectedRoute","decl":{"start":{"line":12,"column":16},"end":{"line":12,"column":30}},"loc":{"start":{"line":12,"column":59},"end":{"line":33,"column":1}},"line":12}},"branchMap":{"0":{"loc":{"start":{"line":16,"column":2},"end":{"line":22,"column":3}},"type":"if","locations":[{"start":{"line":16,"column":2},"end":{"line":22,"column":3}},{"start":{},"end":{}}],"line":16},"1":{"loc":{"start":{"line":24,"column":2},"end":{"line":26,"column":3}},"type":"if","locations":[{"start":{"line":24,"column":2},"end":{"line":26,"column":3}},{"start":{},"end":{}}],"line":24},"2":{"loc":{"start":{"line":28,"column":2},"end":{"line":30,"column":3}},"type":"if","locations":[{"start":{"line":28,"column":2},"end":{"line":30,"column":3}},{"start":{},"end":{}}],"line":28},"3":{"loc":{"start":{"line":28,"column":6},"end":{"line":28,"column":41}},"type":"binary-expr","locations":[{"start":{"line":28,"column":6},"end":{"line":28,"column":11}},{"start":{"line":28,"column":15},"end":{"line":28,"column":41}}],"line":28}},"s":{"0":4,"1":4,"2":4,"3":1,"4":3,"5":1,"6":2,"7":1,"8":1},"f":{"0":4},"b":{"0":[1,3],"1":[1,2],"2":[1,1],"3":[2,2]},"_coverageSchema":"1a1c01bbd47fc00a2c39e90264f33305004495a9","hash":"a65e573693cfce3825f9fb31bcea05f7f8859374"}
}
