TN:
SF:src/api/client.ts
FN:5,getToken
FN:8,setToken
FN:11,clearToken
FN:21,apiUrl
FN:32,(anonymous_4)
FN:41,(anonymous_5)
FN:42,(anonymous_6)
FN:53,getErrorMessage
FNF:8
FNH:5
FNDA:5,getToken
FNDA:2,setToken
FNDA:3,clearToken
FNDA:6,apiUrl
FNDA:0,(anonymous_4)
FNDA:0,(anonymous_5)
FNDA:0,(anonymous_6)
FNDA:4,getErrorMessage
DA:3,2
DA:6,5
DA:9,2
DA:12,3
DA:18,2
DA:22,6
DA:23,5
DA:24,5
DA:27,2
DA:32,2
DA:33,0
DA:34,0
DA:35,0
DA:37,0
DA:40,2
DA:41,0
DA:43,0
DA:44,0
DA:45,0
DA:46,0
DA:49,0
DA:54,4
DA:55,2
DA:56,2
DA:57,1
DA:59,2
DA:60,1
LF:27
LH:17
BRDA:18,0,0,2
BRDA:18,0,1,2
BRDA:22,1,0,1
BRDA:22,1,1,5
BRDA:23,2,0,4
BRDA:23,2,1,1
BRDA:34,3,0,0
BRDA:34,3,1,0
BRDA:43,4,0,0
BRDA:43,4,1,0
BRDA:45,5,0,0
BRDA:45,5,1,0
BRDA:54,6,0,2
BRDA:54,6,1,2
BRDA:56,7,0,1
BRDA:56,7,1,1
BRDA:59,8,0,1
BRDA:59,8,1,1
BRF:18
BRH:12
end_of_record
TN:
SF:src/components/AuthedImage.tsx
FN:19,AuthedImage
FN:21,(anonymous_1)
FN:24,(anonymous_2)
FN:32,(anonymous_3)
FN:36,(anonymous_4)
FN:42,(anonymous_5)
FN:45,(anonymous_6)
FNF:7
FNH:7
FNDA:3,AuthedImage
FNDA:2,(anonymous_1)
FNDA:2,(anonymous_2)
FNDA:2,(anonymous_3)
FNDA:1,(anonymous_4)
FNDA:1,(anonymous_5)
FNDA:2,(anonymous_6)
DA:5,1
DA:20,3
DA:21,3
DA:22,3
DA:24,3
DA:25,2
DA:26,0
DA:27,0
DA:29,2
DA:30,2
DA:31,2
DA:33,2
DA:34,1
DA:37,1
DA:38,1
DA:39,1
DA:40,1
DA:43,1
DA:45,2
DA:46,2
DA:50,3
DA:51,3
DA:52,1
LF:23
LH:21
BRDA:21,0,0,2
BRDA:21,0,1,2
BRDA:25,1,0,0
BRDA:25,1,1,2
BRDA:31,2,0,1
BRDA:31,2,1,1
BRDA:33,3,0,1
BRDA:33,3,1,1
BRDA:37,4,0,0
BRDA:37,4,1,1
BRDA:43,5,0,1
BRDA:43,5,1,0
BRDA:50,6,0,0
BRDA:50,6,1,3
BRDA:50,7,0,3
BRDA:50,7,1,0
BRDA:51,8,0,2
BRDA:51,8,1,1
BRDA:51,9,0,2
BRDA:51,9,1,0
BRF:20
BRH:14
end_of_record
TN:
SF:src/components/MarkdownEditor.tsx
FN:12,MarkdownEditor
FN:18,(anonymous_1)
FNF:2
FNH:2
FNDA:8,MarkdownEditor
FNDA:4,(anonymous_1)
DA:13,8
DA:18,4
LF:2
LH:2
BRDA:12,0,0,7
BRDA:12,1,0,8
BRDA:22,2,0,8
BRDA:22,2,1,8
BRDA:24,3,0,8
BRDA:24,3,1,5
BRF:6
BRH:6
end_of_record
TN:
SF:src/components/MarkdownPreview.tsx
FN:8,escapeHtml
FN:9,(anonymous_1)
FN:14,renderMarkdown
FN:19,(anonymous_3)
FN:22,(anonymous_4)
FN:24,(anonymous_5)
FN:27,(anonymous_6)
FN:28,(anonymous_7)
FN:29,(anonymous_8)
FN:80,MarkdownPreview
FNF:10
FNH:10
FNDA:24,escapeHtml
FNDA:2,(anonymous_1)
FNDA:16,renderMarkdown
FNDA:21,(anonymous_3)
FNDA:20,(anonymous_4)
FNDA:1,(anonymous_5)
FNDA:4,(anonymous_6)
FNDA:1,(anonymous_7)
FNDA:1,(anonymous_8)
FNDA:16,MarkdownPreview
DA:9,24
DA:10,2
DA:15,16
DA:16,16
DA:17,16
DA:19,16
DA:20,21
DA:22,16
DA:23,20
DA:24,20
DA:25,1
DA:27,20
DA:28,20
DA:29,20
DA:30,20
DA:33,16
DA:34,21
DA:36,21
DA:37,21
DA:38,3
DA:39,1
DA:40,1
DA:42,3
DA:43,3
DA:46,3
DA:49,18
DA:50,18
DA:51,4
DA:52,3
DA:53,3
DA:55,4
DA:56,4
DA:59,14
DA:60,1
DA:61,1
DA:64,14
DA:65,1
DA:67,13
DA:70,16
DA:71,16
DA:81,16
LF:41
LH:41
BRDA:10,0,0,2
BRDA:10,0,1,0
BRDA:20,1,0,4
BRDA:20,1,1,17
BRDA:37,2,0,3
BRDA:37,2,1,18
BRDA:38,3,0,1
BRDA:38,3,1,2
BRDA:50,4,0,4
BRDA:50,4,1,14
BRDA:51,5,0,3
BRDA:51,5,1,1
BRDA:59,6,0,1
BRDA:59,6,1,13
BRDA:64,7,0,1
BRDA:64,7,1,13
BRDA:70,8,0,1
BRDA:70,8,1,15
BRDA:80,9,0,0
BRF:19
BRH:17
end_of_record
TN:
SF:src/routes/ProtectedRoute.tsx
FN:12,ProtectedRoute
FNF:1
FNH:1
FNDA:4,ProtectedRoute
DA:13,4
DA:14,4
DA:16,4
DA:17,1
DA:24,3
DA:25,1
DA:28,2
DA:29,1
DA:32,1
LF:9
LH:9
BRDA:16,0,0,1
BRDA:16,0,1,3
BRDA:24,1,0,1
BRDA:24,1,1,2
BRDA:28,2,0,1
BRDA:28,2,1,1
BRDA:28,3,0,2
BRDA:28,3,1,2
BRF:8
BRH:8
end_of_record
